#
# There is insufficient memory for the Java Runtime Environment to continue.
# Native memory allocation (mmap) failed to map 65536 bytes for Failed to commit metaspace.
# Possible reasons:
#   The system is out of physical RAM or swap space
#   The process is running with CompressedOops enabled, and the Java Heap may be blocking the growth of the native heap
# Possible solutions:
#   Reduce memory load on the system
#   Increase physical memory or swap space
#   Check if swap backing store is full
#   Decrease Java heap size (-Xmx/-Xms)
#   Decrease number of Java threads
#   Decrease Java thread stack sizes (-Xss)
#   Set larger code cache with -XX:ReservedCodeCacheSize=
#   JVM is running with Unscaled Compressed Oops mode in which the Java heap is
#     placed in the first 4GB address space. The Java Heap base address is the
#     maximum limit for the native heap growth. Please use -XX:HeapBaseMinAddress
#     to set the Java Heap base and to place the Java Heap above 4GB virtual address.
# This output file may be truncated or incomplete.
#
#  Out of Memory Error (virtualSpaceNode.cpp:110), pid=3564, tid=30412
#
# JRE version: OpenJDK Runtime Environment Temurin-17.0.4.1+1 (17.0.4.1+1) (build 17.0.4.1+1)
# Java VM: OpenJDK 64-Bit Server VM Temurin-17.0.4.1+1 (17.0.4.1+1, mixed mode, tiered, compressed oops, compressed class ptrs, g1 gc, windows-amd64)
# No core dump will be written. Minidumps are not enabled by default on client versions of Windows
#

---------------  S U M M A R Y ------------

Command Line: -Dfile.encoding=UTF-8 -XX:+ShowCodeDetailsInExceptionMessages screen.AddMediaScreen

Host: 11th Gen Intel(R) Core(TM) i5-11400H @ 2.70GHz, 12 cores, 7G,  Windows 11 , 64 bit Build 22621 (10.0.22621.1485)
Time: Sun Jun 25 22:23:44 2023 SE Asia Standard Time elapsed time: 0.463276 seconds (0d 0h 0m 0s)

---------------  T H R E A D  ---------------

Current thread (0x00000133eb366bf0):  JavaThread "JavaFX Application Thread" [_thread_in_vm, id=30412, stack(0x000000220e500000,0x000000220e600000)]

Stack: [0x000000220e500000,0x000000220e600000]
Native frames: (J=compiled Java code, j=interpreted, Vv=VM code, C=native code)
V  [jvm.dll+0x67731a]
V  [jvm.dll+0x832284]
V  [jvm.dll+0x833a2e]
V  [jvm.dll+0x834093]
V  [jvm.dll+0x245775]
V  [jvm.dll+0x82e22b]
V  [jvm.dll+0x61bdf6]
V  [jvm.dll+0x1c07be]
V  [jvm.dll+0x61e741]
V  [jvm.dll+0x61c796]
V  [jvm.dll+0x6265e7]
V  [jvm.dll+0x24db96]
V  [jvm.dll+0x24f0b5]
V  [jvm.dll+0x1e2d25]
V  [jvm.dll+0x1e22ad]
V  [jvm.dll+0x53c939]
V  [jvm.dll+0x7ad138]
V  [jvm.dll+0x7ad224]
V  [jvm.dll+0x40ccd5]
V  [jvm.dll+0x412ec8]
C  [java.dll+0x17ec]

Java frames: (J=compiled Java code, j=interpreted, Vv=VM code)
j  java.lang.ClassLoader.defineClass1(Ljava/lang/ClassLoader;Ljava/lang/String;[BIILjava/security/ProtectionDomain;Ljava/lang/String;)Ljava/lang/Class;+0 java.base@17.0.4.1
j  java.lang.ClassLoader.defineClass(Ljava/lang/String;[BIILjava/security/ProtectionDomain;)Ljava/lang/Class;+27 java.base@17.0.4.1
j  java.security.SecureClassLoader.defineClass(Ljava/lang/String;[BIILjava/security/CodeSource;)Ljava/lang/Class;+12 java.base@17.0.4.1
j  jdk.internal.loader.BuiltinClassLoader.defineClass(Ljava/lang/String;Ljdk/internal/loader/Resource;)Ljava/lang/Class;+117 java.base@17.0.4.1
j  jdk.internal.loader.BuiltinClassLoader.findClassOnClassPathOrNull(Ljava/lang/String;)Ljava/lang/Class;+37 java.base@17.0.4.1
J 729 c1 jdk.internal.loader.BuiltinClassLoader.loadClassOrNull(Ljava/lang/String;Z)Ljava/lang/Class; java.base@17.0.4.1 (143 bytes) @ 0x00000133d42c4504 [0x00000133d42c3640+0x0000000000000ec4]
J 737 c1 jdk.internal.loader.ClassLoaders$AppClassLoader.loadClass(Ljava/lang/String;Z)Ljava/lang/Class; java.base@17.0.4.1 (40 bytes) @ 0x00000133d42c8674 [0x00000133d42c8060+0x0000000000000614]
J 734 c1 java.lang.ClassLoader.loadClass(Ljava/lang/String;)Ljava/lang/Class; java.base@17.0.4.1 (7 bytes) @ 0x00000133d42c71bc [0x00000133d42c70c0+0x00000000000000fc]
v  ~StubRoutines::call_stub
j  java.lang.ClassLoader.defineClass1(Ljava/lang/ClassLoader;Ljava/lang/String;[BIILjava/security/ProtectionDomain;Ljava/lang/String;)Ljava/lang/Class;+0 java.base@17.0.4.1
j  java.lang.ClassLoader.defineClass(Ljava/lang/String;[BIILjava/security/ProtectionDomain;)Ljava/lang/Class;+27 java.base@17.0.4.1
j  java.security.SecureClassLoader.defineClass(Ljava/lang/String;[BIILjava/security/CodeSource;)Ljava/lang/Class;+12 java.base@17.0.4.1
j  jdk.internal.loader.BuiltinClassLoader.defineClass(Ljava/lang/String;Ljdk/internal/loader/Resource;)Ljava/lang/Class;+117 java.base@17.0.4.1
j  jdk.internal.loader.BuiltinClassLoader.findClassOnClassPathOrNull(Ljava/lang/String;)Ljava/lang/Class;+37 java.base@17.0.4.1
J 729 c1 jdk.internal.loader.BuiltinClassLoader.loadClassOrNull(Ljava/lang/String;Z)Ljava/lang/Class; java.base@17.0.4.1 (143 bytes) @ 0x00000133d42c4504 [0x00000133d42c3640+0x0000000000000ec4]
J 737 c1 jdk.internal.loader.ClassLoaders$AppClassLoader.loadClass(Ljava/lang/String;Z)Ljava/lang/Class; java.base@17.0.4.1 (40 bytes) @ 0x00000133d42c8674 [0x00000133d42c8060+0x0000000000000614]
J 734 c1 java.lang.ClassLoader.loadClass(Ljava/lang/String;)Ljava/lang/Class; java.base@17.0.4.1 (7 bytes) @ 0x00000133d42c71bc [0x00000133d42c70c0+0x00000000000000fc]
v  ~StubRoutines::call_stub
j  javafx.collections.FXCollections.observableList(Ljava/util/List;)Ljavafx/collections/ObservableList;+19
j  javafx.collections.FXCollections.observableArrayList()Ljavafx/collections/ObservableList;+7
j  javafx.stage.Screen.<clinit>()V+11
v  ~StubRoutines::call_stub
j  com.sun.javafx.tk.quantum.QuantumToolkit.initSceneGraph()V+0
j  com.sun.javafx.tk.quantum.QuantumToolkit.runToolkit()V+91
j  com.sun.javafx.tk.quantum.QuantumToolkit.lambda$startup$10()V+1
j  com.sun.javafx.tk.quantum.QuantumToolkit$$Lambda$173+0x00000001001606d0.run()V+4
j  com.sun.glass.ui.Application.lambda$run$1(Ljava/lang/Runnable;)V+4
j  com.sun.glass.ui.Application$$Lambda$176+0x0000000100167130.run()V+4
v  ~StubRoutines::call_stub
j  com.sun.glass.ui.win.WinApplication._runLoop(Ljava/lang/Runnable;)V+0
j  com.sun.glass.ui.win.WinApplication.lambda$runLoop$3(ILjava/lang/Runnable;)V+8
j  com.sun.glass.ui.win.WinApplication$$Lambda$180+0x00000001001679a0.run()V+12
j  java.lang.Thread.run()V+11 java.base@17.0.4.1
v  ~StubRoutines::call_stub

---------------  P R O C E S S  ---------------

Threads class SMR info:
_java_thread_list=0x00000133eba8e850, length=18, elements={
0x00000133ce38cfb0, 0x00000133eb033020, 0x00000133eb0339d0, 0x00000133eb00bec0,
0x00000133eb00c870, 0x00000133eb00d220, 0x00000133eb00dbd0, 0x00000133eb00f5f0,
0x00000133eb05a440, 0x00000133eb05ce40, 0x00000133eb1cda00, 0x00000133eb1d1ee0,
0x00000133eb74b460, 0x00000133eb74bab0, 0x00000133eb74bf80, 0x00000133eb8f9c70,
0x00000133eba55bd0, 0x00000133eb366bf0
}

Java Threads: ( => current thread )
  0x00000133ce38cfb0 JavaThread "main" [_thread_blocked, id=13288, stack(0x000000220cd00000,0x000000220ce00000)]
  0x00000133eb033020 JavaThread "Reference Handler" daemon [_thread_blocked, id=8688, stack(0x000000220d400000,0x000000220d500000)]
  0x00000133eb0339d0 JavaThread "Finalizer" daemon [_thread_blocked, id=14556, stack(0x000000220d500000,0x000000220d600000)]
  0x00000133eb00bec0 JavaThread "Signal Dispatcher" daemon [_thread_blocked, id=11680, stack(0x000000220d600000,0x000000220d700000)]
  0x00000133eb00c870 JavaThread "Attach Listener" daemon [_thread_blocked, id=7988, stack(0x000000220d700000,0x000000220d800000)]
  0x00000133eb00d220 JavaThread "Service Thread" daemon [_thread_blocked, id=14880, stack(0x000000220d800000,0x000000220d900000)]
  0x00000133eb00dbd0 JavaThread "Monitor Deflation Thread" daemon [_thread_blocked, id=10684, stack(0x000000220d900000,0x000000220da00000)]
  0x00000133eb00f5f0 JavaThread "C2 CompilerThread0" daemon [_thread_blocked, id=8136, stack(0x000000220da00000,0x000000220db00000)]
  0x00000133eb05a440 JavaThread "C1 CompilerThread0" daemon [_thread_blocked, id=21236, stack(0x000000220db00000,0x000000220dc00000)]
  0x00000133eb05ce40 JavaThread "Sweeper thread" daemon [_thread_blocked, id=3880, stack(0x000000220dc00000,0x000000220dd00000)]
  0x00000133eb1cda00 JavaThread "Notification Thread" daemon [_thread_blocked, id=33540, stack(0x000000220dd00000,0x000000220de00000)]
  0x00000133eb1d1ee0 JavaThread "Common-Cleaner" daemon [_thread_blocked, id=17028, stack(0x000000220df00000,0x000000220e000000)]
  0x00000133eb74b460 JavaThread "Java2D Disposer" daemon [_thread_blocked, id=32732, stack(0x000000220e000000,0x000000220e100000)]
  0x00000133eb74bab0 JavaThread "AWT-Shutdown" [_thread_blocked, id=29344, stack(0x000000220e100000,0x000000220e200000)]
  0x00000133eb74bf80 JavaThread "AWT-Windows" daemon [_thread_in_native, id=26128, stack(0x000000220e200000,0x000000220e300000)]
  0x00000133eb8f9c70 JavaThread "QuantumRenderer-0" daemon [_thread_blocked, id=33920, stack(0x000000220e300000,0x000000220e400000)]
  0x00000133eba55bd0 JavaThread "InvokeLaterDispatcher" daemon [_thread_blocked, id=27908, stack(0x000000220e400000,0x000000220e500000)]
=>0x00000133eb366bf0 JavaThread "JavaFX Application Thread" [_thread_in_vm, id=30412, stack(0x000000220e500000,0x000000220e600000)]

Other Threads:
  0x00000133ea791ab0 VMThread "VM Thread" [stack: 0x000000220d300000,0x000000220d400000] [id=4228]
  0x00000133d05b86c0 WatcherThread [stack: 0x000000220de00000,0x000000220df00000] [id=10088]
  0x00000133d059dca0 GCTaskThread "GC Thread#0" [stack: 0x000000220ce00000,0x000000220cf00000] [id=4444]
  0x00000133d05ae2e0 ConcurrentGCThread "G1 Main Marker" [stack: 0x000000220cf00000,0x000000220d000000] [id=9296]
  0x00000133d05af4f0 ConcurrentGCThread "G1 Conc#0" [stack: 0x000000220d000000,0x000000220d100000] [id=11404]
  0x00000133ea5f1520 ConcurrentGCThread "G1 Refine#0" [stack: 0x000000220d100000,0x000000220d200000] [id=6556]
  0x00000133ea5f1d50 ConcurrentGCThread "G1 Service" [stack: 0x000000220d200000,0x000000220d300000] [id=12128]

Threads with active compile tasks:

VM state: not at safepoint (normal execution)

VM Mutex/Monitor currently owned by a thread:  ([mutex/lock_event])
[0x00000133d0546150] Metaspace_lock - owner thread: 0x00000133eb366bf0

Heap address: 0x0000000084000000, size: 1984 MB, Compressed Oops mode: 32-bit

CDS archive(s) not mapped
Compressed class space mapped at: 0x0000000100000000-0x0000000140000000, reserved size: 1073741824
Narrow klass base: 0x0000000000000000, Narrow klass shift: 3, Narrow klass range: 0x140000000

GC Precious Log:
 CPUs: 12 total, 12 available
 Memory: 7930M
 Large Page Support: Disabled
 NUMA Support: Disabled
 Compressed Oops: Enabled (32-bit)
 Heap Region Size: 1M
 Heap Min Capacity: 8M
 Heap Initial Capacity: 124M
 Heap Max Capacity: 1984M
 Pre-touch: Disabled
 Parallel Workers: 10
 Concurrent Workers: 3
 Concurrent Refinement Workers: 10
 Periodic GC: Disabled

Heap:
 garbage-first heap   total 126976K, used 10240K [0x0000000084000000, 0x0000000100000000)
  region size 1024K, 11 young (11264K), 0 survivors (0K)
 Metaspace       used 14057K, committed 14208K, reserved 1064960K
  class space    used 1353K, committed 1408K, reserved 1048576K

Heap Regions: E=young(eden), S=young(survivor), O=old, HS=humongous(starts), HC=humongous(continues), CS=collection set, F=free, OA=open archive, CA=closed archive, TAMS=top-at-mark-start (previous, next)
|   0|0x0000000084000000, 0x0000000084000000, 0x0000000084100000|  0%| F|  |TAMS 0x0000000084000000, 0x0000000084000000| Untracked 
|   1|0x0000000084100000, 0x0000000084100000, 0x0000000084200000|  0%| F|  |TAMS 0x0000000084100000, 0x0000000084100000| Untracked 
|   2|0x0000000084200000, 0x0000000084200000, 0x0000000084300000|  0%| F|  |TAMS 0x0000000084200000, 0x0000000084200000| Untracked 
|   3|0x0000000084300000, 0x0000000084300000, 0x0000000084400000|  0%| F|  |TAMS 0x0000000084300000, 0x0000000084300000| Untracked 
|   4|0x0000000084400000, 0x0000000084400000, 0x0000000084500000|  0%| F|  |TAMS 0x0000000084400000, 0x0000000084400000| Untracked 
|   5|0x0000000084500000, 0x0000000084500000, 0x0000000084600000|  0%| F|  |TAMS 0x0000000084500000, 0x0000000084500000| Untracked 
|   6|0x0000000084600000, 0x0000000084600000, 0x0000000084700000|  0%| F|  |TAMS 0x0000000084600000, 0x0000000084600000| Untracked 
|   7|0x0000000084700000, 0x0000000084700000, 0x0000000084800000|  0%| F|  |TAMS 0x0000000084700000, 0x0000000084700000| Untracked 
|   8|0x0000000084800000, 0x0000000084800000, 0x0000000084900000|  0%| F|  |TAMS 0x0000000084800000, 0x0000000084800000| Untracked 
|   9|0x0000000084900000, 0x0000000084900000, 0x0000000084a00000|  0%| F|  |TAMS 0x0000000084900000, 0x0000000084900000| Untracked 
|  10|0x0000000084a00000, 0x0000000084a00000, 0x0000000084b00000|  0%| F|  |TAMS 0x0000000084a00000, 0x0000000084a00000| Untracked 
|  11|0x0000000084b00000, 0x0000000084b00000, 0x0000000084c00000|  0%| F|  |TAMS 0x0000000084b00000, 0x0000000084b00000| Untracked 
|  12|0x0000000084c00000, 0x0000000084c00000, 0x0000000084d00000|  0%| F|  |TAMS 0x0000000084c00000, 0x0000000084c00000| Untracked 
|  13|0x0000000084d00000, 0x0000000084d00000, 0x0000000084e00000|  0%| F|  |TAMS 0x0000000084d00000, 0x0000000084d00000| Untracked 
|  14|0x0000000084e00000, 0x0000000084e00000, 0x0000000084f00000|  0%| F|  |TAMS 0x0000000084e00000, 0x0000000084e00000| Untracked 
|  15|0x0000000084f00000, 0x0000000084f00000, 0x0000000085000000|  0%| F|  |TAMS 0x0000000084f00000, 0x0000000084f00000| Untracked 
|  16|0x0000000085000000, 0x0000000085000000, 0x0000000085100000|  0%| F|  |TAMS 0x0000000085000000, 0x0000000085000000| Untracked 
|  17|0x0000000085100000, 0x0000000085100000, 0x0000000085200000|  0%| F|  |TAMS 0x0000000085100000, 0x0000000085100000| Untracked 
|  18|0x0000000085200000, 0x0000000085200000, 0x0000000085300000|  0%| F|  |TAMS 0x0000000085200000, 0x0000000085200000| Untracked 
|  19|0x0000000085300000, 0x0000000085300000, 0x0000000085400000|  0%| F|  |TAMS 0x0000000085300000, 0x0000000085300000| Untracked 
|  20|0x0000000085400000, 0x0000000085400000, 0x0000000085500000|  0%| F|  |TAMS 0x0000000085400000, 0x0000000085400000| Untracked 
|  21|0x0000000085500000, 0x0000000085500000, 0x0000000085600000|  0%| F|  |TAMS 0x0000000085500000, 0x0000000085500000| Untracked 
|  22|0x0000000085600000, 0x0000000085600000, 0x0000000085700000|  0%| F|  |TAMS 0x0000000085600000, 0x0000000085600000| Untracked 
|  23|0x0000000085700000, 0x0000000085700000, 0x0000000085800000|  0%| F|  |TAMS 0x0000000085700000, 0x0000000085700000| Untracked 
|  24|0x0000000085800000, 0x0000000085800000, 0x0000000085900000|  0%| F|  |TAMS 0x0000000085800000, 0x0000000085800000| Untracked 
|  25|0x0000000085900000, 0x0000000085900000, 0x0000000085a00000|  0%| F|  |TAMS 0x0000000085900000, 0x0000000085900000| Untracked 
|  26|0x0000000085a00000, 0x0000000085a00000, 0x0000000085b00000|  0%| F|  |TAMS 0x0000000085a00000, 0x0000000085a00000| Untracked 
|  27|0x0000000085b00000, 0x0000000085b00000, 0x0000000085c00000|  0%| F|  |TAMS 0x0000000085b00000, 0x0000000085b00000| Untracked 
|  28|0x0000000085c00000, 0x0000000085c00000, 0x0000000085d00000|  0%| F|  |TAMS 0x0000000085c00000, 0x0000000085c00000| Untracked 
|  29|0x0000000085d00000, 0x0000000085d00000, 0x0000000085e00000|  0%| F|  |TAMS 0x0000000085d00000, 0x0000000085d00000| Untracked 
|  30|0x0000000085e00000, 0x0000000085e00000, 0x0000000085f00000|  0%| F|  |TAMS 0x0000000085e00000, 0x0000000085e00000| Untracked 
|  31|0x0000000085f00000, 0x0000000085f00000, 0x0000000086000000|  0%| F|  |TAMS 0x0000000085f00000, 0x0000000085f00000| Untracked 
|  32|0x0000000086000000, 0x0000000086000000, 0x0000000086100000|  0%| F|  |TAMS 0x0000000086000000, 0x0000000086000000| Untracked 
|  33|0x0000000086100000, 0x0000000086100000, 0x0000000086200000|  0%| F|  |TAMS 0x0000000086100000, 0x0000000086100000| Untracked 
|  34|0x0000000086200000, 0x0000000086200000, 0x0000000086300000|  0%| F|  |TAMS 0x0000000086200000, 0x0000000086200000| Untracked 
|  35|0x0000000086300000, 0x0000000086300000, 0x0000000086400000|  0%| F|  |TAMS 0x0000000086300000, 0x0000000086300000| Untracked 
|  36|0x0000000086400000, 0x0000000086400000, 0x0000000086500000|  0%| F|  |TAMS 0x0000000086400000, 0x0000000086400000| Untracked 
|  37|0x0000000086500000, 0x0000000086500000, 0x0000000086600000|  0%| F|  |TAMS 0x0000000086500000, 0x0000000086500000| Untracked 
|  38|0x0000000086600000, 0x0000000086600000, 0x0000000086700000|  0%| F|  |TAMS 0x0000000086600000, 0x0000000086600000| Untracked 
|  39|0x0000000086700000, 0x0000000086700000, 0x0000000086800000|  0%| F|  |TAMS 0x0000000086700000, 0x0000000086700000| Untracked 
|  40|0x0000000086800000, 0x0000000086800000, 0x0000000086900000|  0%| F|  |TAMS 0x0000000086800000, 0x0000000086800000| Untracked 
|  41|0x0000000086900000, 0x0000000086900000, 0x0000000086a00000|  0%| F|  |TAMS 0x0000000086900000, 0x0000000086900000| Untracked 
|  42|0x0000000086a00000, 0x0000000086a00000, 0x0000000086b00000|  0%| F|  |TAMS 0x0000000086a00000, 0x0000000086a00000| Untracked 
|  43|0x0000000086b00000, 0x0000000086b00000, 0x0000000086c00000|  0%| F|  |TAMS 0x0000000086b00000, 0x0000000086b00000| Untracked 
|  44|0x0000000086c00000, 0x0000000086c00000, 0x0000000086d00000|  0%| F|  |TAMS 0x0000000086c00000, 0x0000000086c00000| Untracked 
|  45|0x0000000086d00000, 0x0000000086d00000, 0x0000000086e00000|  0%| F|  |TAMS 0x0000000086d00000, 0x0000000086d00000| Untracked 
|  46|0x0000000086e00000, 0x0000000086e00000, 0x0000000086f00000|  0%| F|  |TAMS 0x0000000086e00000, 0x0000000086e00000| Untracked 
|  47|0x0000000086f00000, 0x0000000086f00000, 0x0000000087000000|  0%| F|  |TAMS 0x0000000086f00000, 0x0000000086f00000| Untracked 
|  48|0x0000000087000000, 0x0000000087000000, 0x0000000087100000|  0%| F|  |TAMS 0x0000000087000000, 0x0000000087000000| Untracked 
|  49|0x0000000087100000, 0x0000000087100000, 0x0000000087200000|  0%| F|  |TAMS 0x0000000087100000, 0x0000000087100000| Untracked 
|  50|0x0000000087200000, 0x0000000087200000, 0x0000000087300000|  0%| F|  |TAMS 0x0000000087200000, 0x0000000087200000| Untracked 
|  51|0x0000000087300000, 0x0000000087300000, 0x0000000087400000|  0%| F|  |TAMS 0x0000000087300000, 0x0000000087300000| Untracked 
|  52|0x0000000087400000, 0x0000000087400000, 0x0000000087500000|  0%| F|  |TAMS 0x0000000087400000, 0x0000000087400000| Untracked 
|  53|0x0000000087500000, 0x0000000087500000, 0x0000000087600000|  0%| F|  |TAMS 0x0000000087500000, 0x0000000087500000| Untracked 
|  54|0x0000000087600000, 0x0000000087600000, 0x0000000087700000|  0%| F|  |TAMS 0x0000000087600000, 0x0000000087600000| Untracked 
|  55|0x0000000087700000, 0x0000000087700000, 0x0000000087800000|  0%| F|  |TAMS 0x0000000087700000, 0x0000000087700000| Untracked 
|  56|0x0000000087800000, 0x0000000087800000, 0x0000000087900000|  0%| F|  |TAMS 0x0000000087800000, 0x0000000087800000| Untracked 
|  57|0x0000000087900000, 0x0000000087900000, 0x0000000087a00000|  0%| F|  |TAMS 0x0000000087900000, 0x0000000087900000| Untracked 
|  58|0x0000000087a00000, 0x0000000087a00000, 0x0000000087b00000|  0%| F|  |TAMS 0x0000000087a00000, 0x0000000087a00000| Untracked 
|  59|0x0000000087b00000, 0x0000000087b00000, 0x0000000087c00000|  0%| F|  |TAMS 0x0000000087b00000, 0x0000000087b00000| Untracked 
|  60|0x0000000087c00000, 0x0000000087c00000, 0x0000000087d00000|  0%| F|  |TAMS 0x0000000087c00000, 0x0000000087c00000| Untracked 
|  61|0x0000000087d00000, 0x0000000087d00000, 0x0000000087e00000|  0%| F|  |TAMS 0x0000000087d00000, 0x0000000087d00000| Untracked 
|  62|0x0000000087e00000, 0x0000000087e00000, 0x0000000087f00000|  0%| F|  |TAMS 0x0000000087e00000, 0x0000000087e00000| Untracked 
|  63|0x0000000087f00000, 0x0000000087f00000, 0x0000000088000000|  0%| F|  |TAMS 0x0000000087f00000, 0x0000000087f00000| Untracked 
|  64|0x0000000088000000, 0x0000000088000000, 0x0000000088100000|  0%| F|  |TAMS 0x0000000088000000, 0x0000000088000000| Untracked 
|  65|0x0000000088100000, 0x0000000088100000, 0x0000000088200000|  0%| F|  |TAMS 0x0000000088100000, 0x0000000088100000| Untracked 
|  66|0x0000000088200000, 0x0000000088200000, 0x0000000088300000|  0%| F|  |TAMS 0x0000000088200000, 0x0000000088200000| Untracked 
|  67|0x0000000088300000, 0x0000000088300000, 0x0000000088400000|  0%| F|  |TAMS 0x0000000088300000, 0x0000000088300000| Untracked 
|  68|0x0000000088400000, 0x0000000088400000, 0x0000000088500000|  0%| F|  |TAMS 0x0000000088400000, 0x0000000088400000| Untracked 
|  69|0x0000000088500000, 0x0000000088500000, 0x0000000088600000|  0%| F|  |TAMS 0x0000000088500000, 0x0000000088500000| Untracked 
|  70|0x0000000088600000, 0x0000000088600000, 0x0000000088700000|  0%| F|  |TAMS 0x0000000088600000, 0x0000000088600000| Untracked 
|  71|0x0000000088700000, 0x0000000088700000, 0x0000000088800000|  0%| F|  |TAMS 0x0000000088700000, 0x0000000088700000| Untracked 
|  72|0x0000000088800000, 0x0000000088800000, 0x0000000088900000|  0%| F|  |TAMS 0x0000000088800000, 0x0000000088800000| Untracked 
|  73|0x0000000088900000, 0x0000000088900000, 0x0000000088a00000|  0%| F|  |TAMS 0x0000000088900000, 0x0000000088900000| Untracked 
|  74|0x0000000088a00000, 0x0000000088a00000, 0x0000000088b00000|  0%| F|  |TAMS 0x0000000088a00000, 0x0000000088a00000| Untracked 
|  75|0x0000000088b00000, 0x0000000088b00000, 0x0000000088c00000|  0%| F|  |TAMS 0x0000000088b00000, 0x0000000088b00000| Untracked 
|  76|0x0000000088c00000, 0x0000000088c00000, 0x0000000088d00000|  0%| F|  |TAMS 0x0000000088c00000, 0x0000000088c00000| Untracked 
|  77|0x0000000088d00000, 0x0000000088d00000, 0x0000000088e00000|  0%| F|  |TAMS 0x0000000088d00000, 0x0000000088d00000| Untracked 
|  78|0x0000000088e00000, 0x0000000088e00000, 0x0000000088f00000|  0%| F|  |TAMS 0x0000000088e00000, 0x0000000088e00000| Untracked 
|  79|0x0000000088f00000, 0x0000000088f00000, 0x0000000089000000|  0%| F|  |TAMS 0x0000000088f00000, 0x0000000088f00000| Untracked 
|  80|0x0000000089000000, 0x0000000089000000, 0x0000000089100000|  0%| F|  |TAMS 0x0000000089000000, 0x0000000089000000| Untracked 
|  81|0x0000000089100000, 0x0000000089100000, 0x0000000089200000|  0%| F|  |TAMS 0x0000000089100000, 0x0000000089100000| Untracked 
|  82|0x0000000089200000, 0x0000000089200000, 0x0000000089300000|  0%| F|  |TAMS 0x0000000089200000, 0x0000000089200000| Untracked 
|  83|0x0000000089300000, 0x0000000089300000, 0x0000000089400000|  0%| F|  |TAMS 0x0000000089300000, 0x0000000089300000| Untracked 
|  84|0x0000000089400000, 0x0000000089400000, 0x0000000089500000|  0%| F|  |TAMS 0x0000000089400000, 0x0000000089400000| Untracked 
|  85|0x0000000089500000, 0x0000000089500000, 0x0000000089600000|  0%| F|  |TAMS 0x0000000089500000, 0x0000000089500000| Untracked 
|  86|0x0000000089600000, 0x0000000089600000, 0x0000000089700000|  0%| F|  |TAMS 0x0000000089600000, 0x0000000089600000| Untracked 
|  87|0x0000000089700000, 0x0000000089700000, 0x0000000089800000|  0%| F|  |TAMS 0x0000000089700000, 0x0000000089700000| Untracked 
|  88|0x0000000089800000, 0x0000000089800000, 0x0000000089900000|  0%| F|  |TAMS 0x0000000089800000, 0x0000000089800000| Untracked 
|  89|0x0000000089900000, 0x0000000089900000, 0x0000000089a00000|  0%| F|  |TAMS 0x0000000089900000, 0x0000000089900000| Untracked 
|  90|0x0000000089a00000, 0x0000000089a00000, 0x0000000089b00000|  0%| F|  |TAMS 0x0000000089a00000, 0x0000000089a00000| Untracked 
|  91|0x0000000089b00000, 0x0000000089b00000, 0x0000000089c00000|  0%| F|  |TAMS 0x0000000089b00000, 0x0000000089b00000| Untracked 
|  92|0x0000000089c00000, 0x0000000089c00000, 0x0000000089d00000|  0%| F|  |TAMS 0x0000000089c00000, 0x0000000089c00000| Untracked 
|  93|0x0000000089d00000, 0x0000000089d00000, 0x0000000089e00000|  0%| F|  |TAMS 0x0000000089d00000, 0x0000000089d00000| Untracked 
|  94|0x0000000089e00000, 0x0000000089e00000, 0x0000000089f00000|  0%| F|  |TAMS 0x0000000089e00000, 0x0000000089e00000| Untracked 
|  95|0x0000000089f00000, 0x0000000089f00000, 0x000000008a000000|  0%| F|  |TAMS 0x0000000089f00000, 0x0000000089f00000| Untracked 
|  96|0x000000008a000000, 0x000000008a000000, 0x000000008a100000|  0%| F|  |TAMS 0x000000008a000000, 0x000000008a000000| Untracked 
|  97|0x000000008a100000, 0x000000008a100000, 0x000000008a200000|  0%| F|  |TAMS 0x000000008a100000, 0x000000008a100000| Untracked 
|  98|0x000000008a200000, 0x000000008a200000, 0x000000008a300000|  0%| F|  |TAMS 0x000000008a200000, 0x000000008a200000| Untracked 
|  99|0x000000008a300000, 0x000000008a300000, 0x000000008a400000|  0%| F|  |TAMS 0x000000008a300000, 0x000000008a300000| Untracked 
| 100|0x000000008a400000, 0x000000008a400000, 0x000000008a500000|  0%| F|  |TAMS 0x000000008a400000, 0x000000008a400000| Untracked 
| 101|0x000000008a500000, 0x000000008a500000, 0x000000008a600000|  0%| F|  |TAMS 0x000000008a500000, 0x000000008a500000| Untracked 
| 102|0x000000008a600000, 0x000000008a600000, 0x000000008a700000|  0%| F|  |TAMS 0x000000008a600000, 0x000000008a600000| Untracked 
| 103|0x000000008a700000, 0x000000008a700000, 0x000000008a800000|  0%| F|  |TAMS 0x000000008a700000, 0x000000008a700000| Untracked 
| 104|0x000000008a800000, 0x000000008a800000, 0x000000008a900000|  0%| F|  |TAMS 0x000000008a800000, 0x000000008a800000| Untracked 
| 105|0x000000008a900000, 0x000000008a900000, 0x000000008aa00000|  0%| F|  |TAMS 0x000000008a900000, 0x000000008a900000| Untracked 
| 106|0x000000008aa00000, 0x000000008aa00000, 0x000000008ab00000|  0%| F|  |TAMS 0x000000008aa00000, 0x000000008aa00000| Untracked 
| 107|0x000000008ab00000, 0x000000008ab00000, 0x000000008ac00000|  0%| F|  |TAMS 0x000000008ab00000, 0x000000008ab00000| Untracked 
| 108|0x000000008ac00000, 0x000000008ac00000, 0x000000008ad00000|  0%| F|  |TAMS 0x000000008ac00000, 0x000000008ac00000| Untracked 
| 109|0x000000008ad00000, 0x000000008ad00000, 0x000000008ae00000|  0%| F|  |TAMS 0x000000008ad00000, 0x000000008ad00000| Untracked 
| 110|0x000000008ae00000, 0x000000008ae00000, 0x000000008af00000|  0%| F|  |TAMS 0x000000008ae00000, 0x000000008ae00000| Untracked 
| 111|0x000000008af00000, 0x000000008af00000, 0x000000008b000000|  0%| F|  |TAMS 0x000000008af00000, 0x000000008af00000| Untracked 
| 112|0x000000008b000000, 0x000000008b000000, 0x000000008b100000|  0%| F|  |TAMS 0x000000008b000000, 0x000000008b000000| Untracked 
| 113|0x000000008b100000, 0x000000008b1ec0d8, 0x000000008b200000| 92%| E|  |TAMS 0x000000008b100000, 0x000000008b100000| Complete 
| 114|0x000000008b200000, 0x000000008b300000, 0x000000008b300000|100%| E|CS|TAMS 0x000000008b200000, 0x000000008b200000| Complete 
| 115|0x000000008b300000, 0x000000008b400000, 0x000000008b400000|100%| E|CS|TAMS 0x000000008b300000, 0x000000008b300000| Complete 
| 116|0x000000008b400000, 0x000000008b500000, 0x000000008b500000|100%| E|CS|TAMS 0x000000008b400000, 0x000000008b400000| Complete 
| 117|0x000000008b500000, 0x000000008b600000, 0x000000008b600000|100%| E|CS|TAMS 0x000000008b500000, 0x000000008b500000| Complete 
| 118|0x000000008b600000, 0x000000008b700000, 0x000000008b700000|100%| E|CS|TAMS 0x000000008b600000, 0x000000008b600000| Complete 
| 119|0x000000008b700000, 0x000000008b800000, 0x000000008b800000|100%| E|CS|TAMS 0x000000008b700000, 0x000000008b700000| Complete 
| 120|0x000000008b800000, 0x000000008b900000, 0x000000008b900000|100%| E|CS|TAMS 0x000000008b800000, 0x000000008b800000| Complete 
| 121|0x000000008b900000, 0x000000008ba00000, 0x000000008ba00000|100%| E|CS|TAMS 0x000000008b900000, 0x000000008b900000| Complete 
| 122|0x000000008ba00000, 0x000000008bb00000, 0x000000008bb00000|100%| E|CS|TAMS 0x000000008ba00000, 0x000000008ba00000| Complete 
| 123|0x000000008bb00000, 0x000000008bc00000, 0x000000008bc00000|100%| E|CS|TAMS 0x000000008bb00000, 0x000000008bb00000| Complete 

Card table byte_map: [0x00000133e3540000,0x00000133e3920000] _byte_map_base: 0x00000133e3120000

Marking Bits (Prev, Next): (CMBitMap*) 0x00000133d059e1b0, (CMBitMap*) 0x00000133d059e1f0
 Prev Bits: [0x00000133e3d00000, 0x00000133e5c00000)
 Next Bits: [0x00000133e5c00000, 0x00000133e7b00000)

Polling page: 0x00000133ce470000

Metaspace:

Usage:
  Non-class:     12.41 MB used.
      Class:      1.32 MB used.
       Both:     13.73 MB used.

Virtual space:
  Non-class space:       16.00 MB reserved,      12.50 MB ( 78%) committed,  2 nodes.
      Class space:        1.00 GB reserved,       1.38 MB ( <1%) committed,  1 nodes.
             Both:        1.02 GB reserved,      13.88 MB (  1%) committed. 

Chunk freelists:
   Non-Class:  2.55 MB
       Class:  2.56 MB
        Both:  5.11 MB

MaxMetaspaceSize: unlimited
CompressedClassSpaceSize: 1.00 GB
Initial GC threshold: 21.00 MB
Current GC threshold: 21.00 MB
CDS: off
MetaspaceReclaimPolicy: balanced
 - commit_granule_bytes: 65536.
 - commit_granule_words: 8192.
 - virtual_space_node_default_size: 1048576.
 - enlarge_chunks_in_place: 1.
 - new_chunks_are_fully_committed: 0.
 - uncommit_free_chunks: 1.
 - use_allocation_guard: 0.
 - handle_deallocations: 1.


Internal statistics:

num_allocs_failed_limit: 0.
num_arena_births: 116.
num_arena_deaths: 0.
num_vsnodes_births: 3.
num_vsnodes_deaths: 0.
num_space_committed: 222.
num_space_uncommitted: 0.
num_chunks_returned_to_freelist: 0.
num_chunks_taken_from_freelist: 232.
num_chunk_merges: 0.
num_chunk_splits: 137.
num_chunks_enlarged: 82.
num_purges: 0.
num_inconsistent_stats: 0.

CodeHeap 'non-profiled nmethods': size=120000Kb used=233Kb max_used=233Kb free=119767Kb
 bounds [0x00000133db6d0000, 0x00000133db940000, 0x00000133e2c00000]
CodeHeap 'profiled nmethods': size=120000Kb used=1370Kb max_used=1370Kb free=118629Kb
 bounds [0x00000133d41a0000, 0x00000133d4410000, 0x00000133db6d0000]
CodeHeap 'non-nmethods': size=5760Kb used=1244Kb max_used=1259Kb free=4515Kb
 bounds [0x00000133d3c00000, 0x00000133d3e70000, 0x00000133d41a0000]
 total_blobs=1347 nmethods=799 adapters=461
 compilation: enabled
              stopped_count=0, restarted_count=0
 full_count=0

Compilation events (20 events):
Event: 0.457 Thread 0x00000133eb05a440  790       3       java.lang.invoke.MemberName::<init> (139 bytes)
Event: 0.458 Thread 0x00000133eb00f5f0  793       4       jdk.internal.org.objectweb.asm.ByteVector::putByte (39 bytes)
Event: 0.458 Thread 0x00000133eb05a440 nmethod 790 0x00000133d42ed110 code [0x00000133d42ed440, 0x00000133d42ee638]
Event: 0.458 Thread 0x00000133eb05a440  791       3       java.lang.invoke.MemberName::hashCode (43 bytes)
Event: 0.458 Thread 0x00000133eb05a440 nmethod 791 0x00000133d42eeb90 code [0x00000133d42eede0, 0x00000133d42efaa8]
Event: 0.458 Thread 0x00000133eb05a440  792       3       java.lang.Byte::<init> (10 bytes)
Event: 0.458 Thread 0x00000133eb05a440 nmethod 792 0x00000133d42efe10 code [0x00000133d42effc0, 0x00000133d42f0198]
Event: 0.458 Thread 0x00000133eb05a440  794       3       java.io.WinNTFileSystem::resolve (275 bytes)
Event: 0.458 Thread 0x00000133eb00f5f0 nmethod 793 0x00000133db709c90 code [0x00000133db709e20, 0x00000133db709f68]
Event: 0.459 Thread 0x00000133eb05a440 nmethod 794 0x00000133d42f0290 code [0x00000133d42f07c0, 0x00000133d42f3478]
Event: 0.459 Thread 0x00000133eb05a440  795  s    3       jdk.internal.loader.Resource::cachedInputStream (20 bytes)
Event: 0.460 Thread 0x00000133eb05a440 nmethod 795 0x00000133d42f4610 code [0x00000133d42f47c0, 0x00000133d42f4ae8]
Event: 0.460 Thread 0x00000133eb05a440  796       3       java.nio.Buffer::position (52 bytes)
Event: 0.460 Thread 0x00000133eb05a440 nmethod 796 0x00000133d42f4b90 code [0x00000133d42f4d40, 0x00000133d42f4fc8]
Event: 0.460 Thread 0x00000133eb00f5f0  797       4       java.lang.CharacterDataLatin1::toLowerCase (39 bytes)
Event: 0.460 Thread 0x00000133eb00f5f0 nmethod 797 0x00000133db70a090 code [0x00000133db70a200, 0x00000133db70a2f8]
Event: 0.461 Thread 0x00000133eb05a440  798       3       java.lang.String::equalsIgnoreCase (45 bytes)
Event: 0.461 Thread 0x00000133eb05a440 nmethod 798 0x00000133d42f5090 code [0x00000133d42f5280, 0x00000133d42f57e8]
Event: 0.462 Thread 0x00000133eb05a440  799       3       java.io.File::<init> (111 bytes)
Event: 0.462 Thread 0x00000133eb05a440 nmethod 799 0x00000133d42f5a10 code [0x00000133d42f5cc0, 0x00000133d42f66e8]

GC Heap History (0 events):
No events

Deoptimization events (20 events):
Event: 0.252 Thread 0x00000133ce38cfb0 DEOPT PACKING pc=0x00000133d41b78e7 sp=0x000000220cdfd800
Event: 0.252 Thread 0x00000133ce38cfb0 DEOPT UNPACKING pc=0x00000133d3c56763 sp=0x000000220cdfcc20 mode 0
Event: 0.268 Thread 0x00000133ce38cfb0 DEOPT PACKING pc=0x00000133d41b5651 sp=0x000000220cdfdf60
Event: 0.268 Thread 0x00000133ce38cfb0 DEOPT UNPACKING pc=0x00000133d3c56763 sp=0x000000220cdfd3d8 mode 0
Event: 0.431 Thread 0x00000133ce38cfb0 Uncommon trap: trap_request=0xffffffc6 fr.pc=0x00000133db6fd42c relative=0x0000000000000a8c
Event: 0.431 Thread 0x00000133ce38cfb0 Uncommon trap: reason=bimorphic_or_optimized_type_check action=maybe_recompile pc=0x00000133db6fd42c method=java.util.HashMap.putVal(ILjava/lang/Object;Ljava/lang/Object;ZZ)Ljava/lang/Object; @ 152 c2
Event: 0.431 Thread 0x00000133ce38cfb0 DEOPT PACKING pc=0x00000133db6fd42c sp=0x000000220cdfdc00
Event: 0.431 Thread 0x00000133ce38cfb0 DEOPT UNPACKING pc=0x00000133d3c55c23 sp=0x000000220cdfdb80 mode 2
Event: 0.431 Thread 0x00000133ce38cfb0 Uncommon trap: trap_request=0xffffffc6 fr.pc=0x00000133db6fd42c relative=0x0000000000000a8c
Event: 0.431 Thread 0x00000133ce38cfb0 Uncommon trap: reason=bimorphic_or_optimized_type_check action=maybe_recompile pc=0x00000133db6fd42c method=java.util.HashMap.putVal(ILjava/lang/Object;Ljava/lang/Object;ZZ)Ljava/lang/Object; @ 152 c2
Event: 0.431 Thread 0x00000133ce38cfb0 DEOPT PACKING pc=0x00000133db6fd42c sp=0x000000220cdfdc00
Event: 0.431 Thread 0x00000133ce38cfb0 DEOPT UNPACKING pc=0x00000133d3c55c23 sp=0x000000220cdfdb80 mode 2
Event: 0.431 Thread 0x00000133ce38cfb0 Uncommon trap: trap_request=0xffffffc6 fr.pc=0x00000133db6fd42c relative=0x0000000000000a8c
Event: 0.431 Thread 0x00000133ce38cfb0 Uncommon trap: reason=bimorphic_or_optimized_type_check action=maybe_recompile pc=0x00000133db6fd42c method=java.util.HashMap.putVal(ILjava/lang/Object;Ljava/lang/Object;ZZ)Ljava/lang/Object; @ 152 c2
Event: 0.431 Thread 0x00000133ce38cfb0 DEOPT PACKING pc=0x00000133db6fd42c sp=0x000000220cdfdc00
Event: 0.431 Thread 0x00000133ce38cfb0 DEOPT UNPACKING pc=0x00000133d3c55c23 sp=0x000000220cdfdb80 mode 2
Event: 0.431 Thread 0x00000133ce38cfb0 Uncommon trap: trap_request=0xffffffc6 fr.pc=0x00000133db6fd42c relative=0x0000000000000a8c
Event: 0.431 Thread 0x00000133ce38cfb0 Uncommon trap: reason=bimorphic_or_optimized_type_check action=maybe_recompile pc=0x00000133db6fd42c method=java.util.HashMap.putVal(ILjava/lang/Object;Ljava/lang/Object;ZZ)Ljava/lang/Object; @ 152 c2
Event: 0.431 Thread 0x00000133ce38cfb0 DEOPT PACKING pc=0x00000133db6fd42c sp=0x000000220cdfdc00
Event: 0.431 Thread 0x00000133ce38cfb0 DEOPT UNPACKING pc=0x00000133d3c55c23 sp=0x000000220cdfdb80 mode 2

Classes unloaded (0 events):
No events

Classes redefined (0 events):
No events

Internal exceptions (16 events):
Event: 0.137 Thread 0x00000133ce38cfb0 Exception <a 'java/lang/ClassNotFoundException'{0x000000008b920530}: sun/awt/resources/spi/awtProvider> (0x000000008b920530) 
thrown [s\src\hotspot\share\classfile\systemDictionary.cpp, line 256]
Event: 0.158 Thread 0x00000133ce38cfb0 Exception <a 'java/io/FileNotFoundException'{0x000000008b97aeb8}> (0x000000008b97aeb8) 
thrown [s\src\hotspot\share\prims\jni.cpp, line 516]
Event: 0.162 Thread 0x00000133ce38cfb0 Exception <a 'java/io/FileNotFoundException'{0x000000008b9a7e68}> (0x000000008b9a7e68) 
thrown [s\src\hotspot\share\prims\jni.cpp, line 516]
Event: 0.199 Thread 0x00000133ce38cfb0 Exception <a 'java/lang/NoSuchMethodError'{0x000000008b9f8ed0}: 'java.lang.Object java.lang.invoke.DirectMethodHandle$Holder.invokeStaticInit(java.lang.Object)'> (0x000000008b9f8ed0) 
thrown [s\src\hotspot\share\interpreter\linkResolver.cpp, line 759]
Event: 0.225 Thread 0x00000133ce38cfb0 Exception <a 'java/lang/NoSuchMethodError'{0x000000008b843438}: 'void java.lang.invoke.DirectMethodHandle$Holder.invokeSpecial(java.lang.Object, java.lang.Object, java.lang.Object)'> (0x000000008b843438) 
thrown [s\src\hotspot\share\interpreter\linkResolver.cpp, line 759]
Event: 0.231 Thread 0x00000133ce38cfb0 Exception <a 'java/lang/NoSuchMethodError'{0x000000008b86d6f0}: 'java.lang.Object java.lang.invoke.DirectMethodHandle$Holder.newInvokeSpecial(java.lang.Object, java.lang.Object, java.lang.Object, java.lang.Object, java.lang.Object)'> (0x000000008b86d6f0) 
thrown [s\src\hotspot\share\interpreter\linkResolver.cpp, line 759]
Event: 0.231 Thread 0x00000133ce38cfb0 Exception <a 'java/lang/NoSuchMethodError'{0x000000008b8eef70}: 'java.lang.Object java.lang.invoke.DirectMethodHandle$Holder.invokeStatic(java.lang.Object, int, java.lang.Object, java.lang.Object, java.lang.Object, java.lang.Object)'> (0x000000008b8eef70) 
thrown [s\src\hotspot\share\interpreter\linkResolver.cpp, line 759]
Event: 0.234 Thread 0x00000133ce38cfb0 Exception <a 'java/lang/NoSuchMethodError'{0x000000008b714fa0}: 'java.lang.Object java.lang.invoke.DirectMethodHandle$Holder.invokeStatic(java.lang.Object, int, java.lang.Object)'> (0x000000008b714fa0) 
thrown [s\src\hotspot\share\interpreter\linkResolver.cpp, line 759]
Event: 0.247 Thread 0x00000133ce38cfb0 Exception <a 'java/lang/ClassNotFoundException'{0x000000008b7ccdb8}: com/sun/swing/internal/plaf/metal/resources/spi/metalProvider> (0x000000008b7ccdb8) 
thrown [s\src\hotspot\share\classfile\systemDictionary.cpp, line 256]
Event: 0.248 Thread 0x00000133ce38cfb0 Exception <a 'java/lang/ClassNotFoundException'{0x000000008b7d0c10}: com/sun/swing/internal/plaf/basic/resources/spi/basicProvider> (0x000000008b7d0c10) 
thrown [s\src\hotspot\share\classfile\systemDictionary.cpp, line 256]
Event: 0.294 Thread 0x00000133ce38cfb0 Exception <a 'java/lang/ClassNotFoundException'{0x000000008b57a200}: sun/util/logging/resources/spi/loggingProvider> (0x000000008b57a200) 
thrown [s\src\hotspot\share\classfile\systemDictionary.cpp, line 256]
Event: 0.397 Thread 0x00000133ce38cfb0 Exception <a 'java/lang/NoSuchMethodError'{0x000000008b3a9a20}: 'void java.lang.invoke.DirectMethodHandle$Holder.invokeStatic(java.lang.Object, java.lang.Object, java.lang.Object)'> (0x000000008b3a9a20) 
thrown [s\src\hotspot\share\interpreter\linkResolver.cpp, line 759]
Event: 0.423 Thread 0x00000133ce38cfb0 Exception <a 'java/lang/NoSuchMethodError'{0x000000008b3c44c0}: 'int java.lang.invoke.DirectMethodHandle$Holder.invokeStaticInit(java.lang.Object, java.lang.Object, java.lang.Object)'> (0x000000008b3c44c0) 
thrown [s\src\hotspot\share\interpreter\linkResolver.cpp, line 759]
Event: 0.423 Thread 0x00000133ce38cfb0 Exception <a 'java/lang/NoSuchMethodError'{0x000000008b3cdaa0}: 'void java.lang.invoke.DirectMethodHandle$Holder.invokeStatic(java.lang.Object, java.lang.Object)'> (0x000000008b3cdaa0) 
thrown [s\src\hotspot\share\interpreter\linkResolver.cpp, line 759]
Event: 0.436 Thread 0x00000133ce38cfb0 Exception <a 'java/lang/NoSuchMethodError'{0x000000008b104de0}: 'java.lang.Object java.lang.invoke.DirectMethodHandle$Holder.newInvokeSpecial(java.lang.Object, java.lang.Object, int, java.lang.Object)'> (0x000000008b104de0) 
thrown [s\src\hotspot\share\interpreter\linkResolver.cpp, line 759]
Event: 0.437 Thread 0x00000133ce38cfb0 Exception <a 'java/lang/NoSuchMethodError'{0x000000008b108f18}: 'java.lang.Object java.lang.invoke.DirectMethodHandle$Holder.invokeSpecial(java.lang.Object, java.lang.Object, java.lang.Object, int, java.lang.Object)'> (0x000000008b108f18) 
thrown [s\src\hotspot\share\interpreter\linkResolver.cpp, line 759]

VM Operations (6 events):
Event: 0.109 Executing VM operation: HandshakeAllThreads
Event: 0.109 Executing VM operation: HandshakeAllThreads done
Event: 0.267 Executing VM operation: HandshakeAllThreads
Event: 0.267 Executing VM operation: HandshakeAllThreads done
Event: 0.431 Executing VM operation: HandshakeAllThreads
Event: 0.431 Executing VM operation: HandshakeAllThreads done

Events (20 events):
Event: 0.435 loading class java/util/concurrent/BlockingDeque
Event: 0.435 loading class java/util/concurrent/BlockingDeque done
Event: 0.435 loading class java/util/concurrent/LinkedBlockingDeque
Event: 0.435 loading class java/util/concurrent/LinkedBlockingDeque done
Event: 0.435 Thread 0x00000133eba55bd0 Thread added: 0x00000133eba55bd0
Event: 0.437 Thread 0x00000133eb366bf0 Thread added: 0x00000133eb366bf0
Event: 0.443 loading class java/util/concurrent/FutureTask
Event: 0.443 loading class java/util/concurrent/FutureTask done
Event: 0.443 loading class java/util/concurrent/CancellationException
Event: 0.444 loading class java/util/concurrent/CancellationException done
Event: 0.444 loading class java/util/concurrent/ExecutionException
Event: 0.444 loading class java/util/concurrent/ExecutionException done
Event: 0.444 loading class java/util/concurrent/FutureTask$WaitNode
Event: 0.444 loading class java/util/concurrent/FutureTask$WaitNode done
Event: 0.444 loading class java/util/concurrent/Executors$RunnableAdapter
Event: 0.444 loading class java/util/concurrent/Executors$RunnableAdapter done
Event: 0.460 loading class java/lang/IndexOutOfBoundsException
Event: 0.460 loading class java/lang/IndexOutOfBoundsException done
Event: 0.461 loading class java/util/NoSuchElementException
Event: 0.461 loading class java/util/NoSuchElementException done


Dynamic libraries:
0x00007ff6ec780000 - 0x00007ff6ec78e000 	C:\Users\trung\.p2\pool\plugins\org.eclipse.justj.openjdk.hotspot.jre.full.win32.x86_64_17.0.4.v20220903-1038\jre\bin\javaw.exe
0x00007ffd632b0000 - 0x00007ffd634c4000 	C:\WINDOWS\SYSTEM32\ntdll.dll
0x00007ffd62920000 - 0x00007ffd629e2000 	C:\WINDOWS\System32\KERNEL32.DLL
0x00007ffd606f0000 - 0x00007ffd60a8c000 	C:\WINDOWS\System32\KERNELBASE.dll
0x00007ffd60a90000 - 0x00007ffd60ba1000 	C:\WINDOWS\System32\ucrtbase.dll
0x00007ffd51140000 - 0x00007ffd51158000 	C:\Users\trung\.p2\pool\plugins\org.eclipse.justj.openjdk.hotspot.jre.full.win32.x86_64_17.0.4.v20220903-1038\jre\bin\jli.dll
0x00007ffd54760000 - 0x00007ffd54779000 	C:\Users\trung\.p2\pool\plugins\org.eclipse.justj.openjdk.hotspot.jre.full.win32.x86_64_17.0.4.v20220903-1038\jre\bin\VCRUNTIME140.dll
0x00007ffd61930000 - 0x00007ffd61adb000 	C:\WINDOWS\System32\USER32.dll
0x00007ffd61090000 - 0x00007ffd610b6000 	C:\WINDOWS\System32\win32u.dll
0x00007ffd40440000 - 0x00007ffd406ce000 	C:\WINDOWS\WinSxS\amd64_microsoft.windows.common-controls_6595b64144ccf1df_6.0.22621.608_none_a9444ca7c10bb01d\COMCTL32.dll
0x00007ffd629f0000 - 0x00007ffd62a19000 	C:\WINDOWS\System32\GDI32.dll
0x00007ffd62870000 - 0x00007ffd62917000 	C:\WINDOWS\System32\msvcrt.dll
0x00007ffd60e40000 - 0x00007ffd60f53000 	C:\WINDOWS\System32\gdi32full.dll
0x00007ffd60c30000 - 0x00007ffd60cca000 	C:\WINDOWS\System32\msvcp_win.dll
0x00007ffd61330000 - 0x00007ffd61361000 	C:\WINDOWS\System32\IMM32.DLL
0x00007ffd51130000 - 0x00007ffd5113c000 	C:\Users\trung\.p2\pool\plugins\org.eclipse.justj.openjdk.hotspot.jre.full.win32.x86_64_17.0.4.v20220903-1038\jre\bin\vcruntime140_1.dll
0x00007ffcf7700000 - 0x00007ffcf7791000 	C:\Users\trung\.p2\pool\plugins\org.eclipse.justj.openjdk.hotspot.jre.full.win32.x86_64_17.0.4.v20220903-1038\jre\bin\msvcp140.dll
0x00007ffcd5ab0000 - 0x00007ffcd66f6000 	C:\Users\trung\.p2\pool\plugins\org.eclipse.justj.openjdk.hotspot.jre.full.win32.x86_64_17.0.4.v20220903-1038\jre\bin\server\jvm.dll
0x00007ffd61280000 - 0x00007ffd6132e000 	C:\WINDOWS\System32\ADVAPI32.dll
0x00007ffd631a0000 - 0x00007ffd63244000 	C:\WINDOWS\System32\sechost.dll
0x00007ffd62cd0000 - 0x00007ffd62de7000 	C:\WINDOWS\System32\RPCRT4.dll
0x00007ffd61370000 - 0x00007ffd61378000 	C:\WINDOWS\System32\PSAPI.DLL
0x00007ffd3efe0000 - 0x00007ffd3efe9000 	C:\WINDOWS\SYSTEM32\WSOCK32.dll
0x00007ffd57620000 - 0x00007ffd57654000 	C:\WINDOWS\SYSTEM32\WINMM.dll
0x00007ffd55060000 - 0x00007ffd5506a000 	C:\WINDOWS\SYSTEM32\VERSION.dll
0x00007ffd62df0000 - 0x00007ffd62e61000 	C:\WINDOWS\System32\WS2_32.dll
0x00007ffd5f7f0000 - 0x00007ffd5f808000 	C:\WINDOWS\SYSTEM32\kernel.appcore.dll
0x00007ffd44300000 - 0x00007ffd4430a000 	C:\Users\trung\.p2\pool\plugins\org.eclipse.justj.openjdk.hotspot.jre.full.win32.x86_64_17.0.4.v20220903-1038\jre\bin\jimage.dll
0x00007ffd5dc00000 - 0x00007ffd5de2e000 	C:\WINDOWS\SYSTEM32\DBGHELP.DLL
0x00007ffd61540000 - 0x00007ffd618c9000 	C:\WINDOWS\System32\combase.dll
0x00007ffd630c0000 - 0x00007ffd63197000 	C:\WINDOWS\System32\OLEAUT32.dll
0x00007ffd551c0000 - 0x00007ffd551f2000 	C:\WINDOWS\SYSTEM32\dbgcore.DLL
0x00007ffd60bb0000 - 0x00007ffd60c2b000 	C:\WINDOWS\System32\bcryptPrimitives.dll
0x00007ffd1e7e0000 - 0x00007ffd1e805000 	C:\Users\trung\.p2\pool\plugins\org.eclipse.justj.openjdk.hotspot.jre.full.win32.x86_64_17.0.4.v20220903-1038\jre\bin\java.dll
0x00007ffd3aa00000 - 0x00007ffd3aa18000 	C:\Users\trung\.p2\pool\plugins\org.eclipse.justj.openjdk.hotspot.jre.full.win32.x86_64_17.0.4.v20220903-1038\jre\bin\zip.dll
0x00007ffd61c00000 - 0x00007ffd623f0000 	C:\WINDOWS\System32\SHELL32.dll
0x00007ffd5e6c0000 - 0x00007ffd5ef8d000 	C:\WINDOWS\SYSTEM32\windows.storage.dll
0x00007ffd5e580000 - 0x00007ffd5e6be000 	C:\WINDOWS\SYSTEM32\wintypes.dll
0x00007ffd610c0000 - 0x00007ffd611b1000 	C:\WINDOWS\System32\SHCORE.dll
0x00007ffd62c70000 - 0x00007ffd62cce000 	C:\WINDOWS\System32\shlwapi.dll
0x00007ffd60620000 - 0x00007ffd60641000 	C:\WINDOWS\SYSTEM32\profapi.dll
0x00007ffd21220000 - 0x00007ffd21239000 	C:\Users\trung\.p2\pool\plugins\org.eclipse.justj.openjdk.hotspot.jre.full.win32.x86_64_17.0.4.v20220903-1038\jre\bin\net.dll
0x00007ffd58ba0000 - 0x00007ffd58cd7000 	C:\WINDOWS\SYSTEM32\WINHTTP.dll
0x00007ffd5fc50000 - 0x00007ffd5fcb9000 	C:\WINDOWS\system32\mswsock.dll
0x00007ffd1f880000 - 0x00007ffd1f895000 	C:\Users\trung\.p2\pool\plugins\org.eclipse.justj.openjdk.hotspot.jre.full.win32.x86_64_17.0.4.v20220903-1038\jre\bin\nio.dll
0x00007ffcee090000 - 0x00007ffcee21e000 	C:\Users\trung\.p2\pool\plugins\org.eclipse.justj.openjdk.hotspot.jre.full.win32.x86_64_17.0.4.v20220903-1038\jre\bin\awt.dll
0x00007ffd5ae10000 - 0x00007ffd5aea6000 	C:\WINDOWS\SYSTEM32\apphelp.dll
0x00007ffd5d790000 - 0x00007ffd5d7bb000 	C:\WINDOWS\system32\DWMAPI.DLL
0x00007ffd5af10000 - 0x00007ffd5afbb000 	C:\WINDOWS\system32\uxtheme.dll
0x00007ffd20a50000 - 0x00007ffd20b50000 	C:\WINDOWS\system32\opengl32.dll
0x00007ffd20e70000 - 0x00007ffd20e9d000 	C:\WINDOWS\SYSTEM32\GLU32.dll
0x00007ffd5dae0000 - 0x00007ffd5db16000 	C:\WINDOWS\SYSTEM32\dxcore.dll
0x00007ffd61ae0000 - 0x00007ffd61bfe000 	C:\WINDOWS\System32\MSCTF.dll
0x00007ffd62e70000 - 0x00007ffd6300c000 	C:\WINDOWS\System32\ole32.dll
0x00000133d04b0000 - 0x00000133d04b3000 	E:\Code\HUST\IT3910E\Project1-Group11-Service-log-program\Code\external-libs\openjfx-20.0.1_windows-x64_bin-sdk\javafx-sdk-20.0.1\bin\api-ms-win-core-console-l1-1-0.dll
0x00000133d04d0000 - 0x00000133d04d3000 	E:\Code\HUST\IT3910E\Project1-Group11-Service-log-program\Code\external-libs\openjfx-20.0.1_windows-x64_bin-sdk\javafx-sdk-20.0.1\bin\api-ms-win-core-console-l1-2-0.dll
0x00000133d04e0000 - 0x00000133d04e3000 	E:\Code\HUST\IT3910E\Project1-Group11-Service-log-program\Code\external-libs\openjfx-20.0.1_windows-x64_bin-sdk\javafx-sdk-20.0.1\bin\api-ms-win-core-datetime-l1-1-0.dll
0x00000133d04f0000 - 0x00000133d04f3000 	E:\Code\HUST\IT3910E\Project1-Group11-Service-log-program\Code\external-libs\openjfx-20.0.1_windows-x64_bin-sdk\javafx-sdk-20.0.1\bin\api-ms-win-core-debug-l1-1-0.dll
0x00000133d0500000 - 0x00000133d0503000 	E:\Code\HUST\IT3910E\Project1-Group11-Service-log-program\Code\external-libs\openjfx-20.0.1_windows-x64_bin-sdk\javafx-sdk-20.0.1\bin\api-ms-win-core-errorhandling-l1-1-0.dll
0x00000133ea7a0000 - 0x00000133ea7a4000 	E:\Code\HUST\IT3910E\Project1-Group11-Service-log-program\Code\external-libs\openjfx-20.0.1_windows-x64_bin-sdk\javafx-sdk-20.0.1\bin\api-ms-win-core-file-l1-1-0.dll
0x00000133ea7b0000 - 0x00000133ea7b3000 	E:\Code\HUST\IT3910E\Project1-Group11-Service-log-program\Code\external-libs\openjfx-20.0.1_windows-x64_bin-sdk\javafx-sdk-20.0.1\bin\api-ms-win-core-file-l1-2-0.dll
0x00000133ea7c0000 - 0x00000133ea7c3000 	E:\Code\HUST\IT3910E\Project1-Group11-Service-log-program\Code\external-libs\openjfx-20.0.1_windows-x64_bin-sdk\javafx-sdk-20.0.1\bin\api-ms-win-core-file-l2-1-0.dll
0x00000133ea7d0000 - 0x00000133ea7d3000 	E:\Code\HUST\IT3910E\Project1-Group11-Service-log-program\Code\external-libs\openjfx-20.0.1_windows-x64_bin-sdk\javafx-sdk-20.0.1\bin\api-ms-win-core-handle-l1-1-0.dll
0x00000133ea7e0000 - 0x00000133ea7e3000 	E:\Code\HUST\IT3910E\Project1-Group11-Service-log-program\Code\external-libs\openjfx-20.0.1_windows-x64_bin-sdk\javafx-sdk-20.0.1\bin\api-ms-win-core-heap-l1-1-0.dll
0x00000133ea7f0000 - 0x00000133ea7f3000 	E:\Code\HUST\IT3910E\Project1-Group11-Service-log-program\Code\external-libs\openjfx-20.0.1_windows-x64_bin-sdk\javafx-sdk-20.0.1\bin\api-ms-win-core-interlocked-l1-1-0.dll
0x00000133ebf50000 - 0x00000133ebf53000 	E:\Code\HUST\IT3910E\Project1-Group11-Service-log-program\Code\external-libs\openjfx-20.0.1_windows-x64_bin-sdk\javafx-sdk-20.0.1\bin\api-ms-win-core-libraryloader-l1-1-0.dll
0x00000133ebf60000 - 0x00000133ebf63000 	E:\Code\HUST\IT3910E\Project1-Group11-Service-log-program\Code\external-libs\openjfx-20.0.1_windows-x64_bin-sdk\javafx-sdk-20.0.1\bin\api-ms-win-core-localization-l1-2-0.dll
0x00000133ebf70000 - 0x00000133ebf73000 	E:\Code\HUST\IT3910E\Project1-Group11-Service-log-program\Code\external-libs\openjfx-20.0.1_windows-x64_bin-sdk\javafx-sdk-20.0.1\bin\api-ms-win-core-memory-l1-1-0.dll
0x00000133ebf80000 - 0x00000133ebf83000 	E:\Code\HUST\IT3910E\Project1-Group11-Service-log-program\Code\external-libs\openjfx-20.0.1_windows-x64_bin-sdk\javafx-sdk-20.0.1\bin\api-ms-win-core-namedpipe-l1-1-0.dll
0x00000133ebf90000 - 0x00000133ebf93000 	E:\Code\HUST\IT3910E\Project1-Group11-Service-log-program\Code\external-libs\openjfx-20.0.1_windows-x64_bin-sdk\javafx-sdk-20.0.1\bin\api-ms-win-core-processenvironment-l1-1-0.dll
0x00000133ebfa0000 - 0x00000133ebfa3000 	E:\Code\HUST\IT3910E\Project1-Group11-Service-log-program\Code\external-libs\openjfx-20.0.1_windows-x64_bin-sdk\javafx-sdk-20.0.1\bin\api-ms-win-core-processthreads-l1-1-0.dll
0x00000133ebfb0000 - 0x00000133ebfb3000 	E:\Code\HUST\IT3910E\Project1-Group11-Service-log-program\Code\external-libs\openjfx-20.0.1_windows-x64_bin-sdk\javafx-sdk-20.0.1\bin\api-ms-win-core-processthreads-l1-1-1.dll
0x00000133ebfc0000 - 0x00000133ebfc3000 	E:\Code\HUST\IT3910E\Project1-Group11-Service-log-program\Code\external-libs\openjfx-20.0.1_windows-x64_bin-sdk\javafx-sdk-20.0.1\bin\api-ms-win-core-profile-l1-1-0.dll
0x00000133ebfd0000 - 0x00000133ebfd3000 	E:\Code\HUST\IT3910E\Project1-Group11-Service-log-program\Code\external-libs\openjfx-20.0.1_windows-x64_bin-sdk\javafx-sdk-20.0.1\bin\api-ms-win-core-rtlsupport-l1-1-0.dll
0x00000133ebfe0000 - 0x00000133ebfe3000 	E:\Code\HUST\IT3910E\Project1-Group11-Service-log-program\Code\external-libs\openjfx-20.0.1_windows-x64_bin-sdk\javafx-sdk-20.0.1\bin\api-ms-win-core-string-l1-1-0.dll
0x00000133ebff0000 - 0x00000133ebff3000 	E:\Code\HUST\IT3910E\Project1-Group11-Service-log-program\Code\external-libs\openjfx-20.0.1_windows-x64_bin-sdk\javafx-sdk-20.0.1\bin\api-ms-win-core-synch-l1-1-0.dll
0x00000133ecff0000 - 0x00000133ecff3000 	E:\Code\HUST\IT3910E\Project1-Group11-Service-log-program\Code\external-libs\openjfx-20.0.1_windows-x64_bin-sdk\javafx-sdk-20.0.1\bin\api-ms-win-core-synch-l1-2-0.dll
0x00000133ed000000 - 0x00000133ed003000 	E:\Code\HUST\IT3910E\Project1-Group11-Service-log-program\Code\external-libs\openjfx-20.0.1_windows-x64_bin-sdk\javafx-sdk-20.0.1\bin\api-ms-win-core-sysinfo-l1-1-0.dll
0x00000133ed010000 - 0x00000133ed013000 	E:\Code\HUST\IT3910E\Project1-Group11-Service-log-program\Code\external-libs\openjfx-20.0.1_windows-x64_bin-sdk\javafx-sdk-20.0.1\bin\api-ms-win-core-timezone-l1-1-0.dll
0x00000133ed020000 - 0x00000133ed023000 	E:\Code\HUST\IT3910E\Project1-Group11-Service-log-program\Code\external-libs\openjfx-20.0.1_windows-x64_bin-sdk\javafx-sdk-20.0.1\bin\api-ms-win-core-util-l1-1-0.dll
0x00000133ed030000 - 0x00000133ed033000 	E:\Code\HUST\IT3910E\Project1-Group11-Service-log-program\Code\external-libs\openjfx-20.0.1_windows-x64_bin-sdk\javafx-sdk-20.0.1\bin\api-ms-win-crt-conio-l1-1-0.dll
0x00000133ed040000 - 0x00000133ed044000 	E:\Code\HUST\IT3910E\Project1-Group11-Service-log-program\Code\external-libs\openjfx-20.0.1_windows-x64_bin-sdk\javafx-sdk-20.0.1\bin\api-ms-win-crt-convert-l1-1-0.dll
0x00000133ed050000 - 0x00000133ed053000 	E:\Code\HUST\IT3910E\Project1-Group11-Service-log-program\Code\external-libs\openjfx-20.0.1_windows-x64_bin-sdk\javafx-sdk-20.0.1\bin\api-ms-win-crt-environment-l1-1-0.dll
0x00000133ed060000 - 0x00000133ed063000 	E:\Code\HUST\IT3910E\Project1-Group11-Service-log-program\Code\external-libs\openjfx-20.0.1_windows-x64_bin-sdk\javafx-sdk-20.0.1\bin\api-ms-win-crt-filesystem-l1-1-0.dll
0x00000133ed070000 - 0x00000133ed073000 	E:\Code\HUST\IT3910E\Project1-Group11-Service-log-program\Code\external-libs\openjfx-20.0.1_windows-x64_bin-sdk\javafx-sdk-20.0.1\bin\api-ms-win-crt-heap-l1-1-0.dll
0x00000133ed080000 - 0x00000133ed083000 	E:\Code\HUST\IT3910E\Project1-Group11-Service-log-program\Code\external-libs\openjfx-20.0.1_windows-x64_bin-sdk\javafx-sdk-20.0.1\bin\api-ms-win-crt-locale-l1-1-0.dll
0x00000133ed090000 - 0x00000133ed095000 	E:\Code\HUST\IT3910E\Project1-Group11-Service-log-program\Code\external-libs\openjfx-20.0.1_windows-x64_bin-sdk\javafx-sdk-20.0.1\bin\api-ms-win-crt-math-l1-1-0.dll
0x00000133ed0a0000 - 0x00000133ed0a5000 	E:\Code\HUST\IT3910E\Project1-Group11-Service-log-program\Code\external-libs\openjfx-20.0.1_windows-x64_bin-sdk\javafx-sdk-20.0.1\bin\api-ms-win-crt-multibyte-l1-1-0.dll
0x00000133ed0b0000 - 0x00000133ed0c0000 	E:\Code\HUST\IT3910E\Project1-Group11-Service-log-program\Code\external-libs\openjfx-20.0.1_windows-x64_bin-sdk\javafx-sdk-20.0.1\bin\api-ms-win-crt-private-l1-1-0.dll
0x00000133ed0c0000 - 0x00000133ed0c3000 	E:\Code\HUST\IT3910E\Project1-Group11-Service-log-program\Code\external-libs\openjfx-20.0.1_windows-x64_bin-sdk\javafx-sdk-20.0.1\bin\api-ms-win-crt-process-l1-1-0.dll
0x00000133ed0d0000 - 0x00000133ed0d4000 	E:\Code\HUST\IT3910E\Project1-Group11-Service-log-program\Code\external-libs\openjfx-20.0.1_windows-x64_bin-sdk\javafx-sdk-20.0.1\bin\api-ms-win-crt-runtime-l1-1-0.dll
0x00000133ed0e0000 - 0x00000133ed0e4000 	E:\Code\HUST\IT3910E\Project1-Group11-Service-log-program\Code\external-libs\openjfx-20.0.1_windows-x64_bin-sdk\javafx-sdk-20.0.1\bin\api-ms-win-crt-stdio-l1-1-0.dll
0x00000133ed0f0000 - 0x00000133ed0f4000 	E:\Code\HUST\IT3910E\Project1-Group11-Service-log-program\Code\external-libs\openjfx-20.0.1_windows-x64_bin-sdk\javafx-sdk-20.0.1\bin\api-ms-win-crt-string-l1-1-0.dll
0x00000133ed100000 - 0x00000133ed103000 	E:\Code\HUST\IT3910E\Project1-Group11-Service-log-program\Code\external-libs\openjfx-20.0.1_windows-x64_bin-sdk\javafx-sdk-20.0.1\bin\api-ms-win-crt-time-l1-1-0.dll
0x00000133ed110000 - 0x00000133ed113000 	E:\Code\HUST\IT3910E\Project1-Group11-Service-log-program\Code\external-libs\openjfx-20.0.1_windows-x64_bin-sdk\javafx-sdk-20.0.1\bin\api-ms-win-crt-utility-l1-1-0.dll
0x00007ffd49300000 - 0x00007ffd493fc000 	E:\Code\HUST\IT3910E\Project1-Group11-Service-log-program\Code\external-libs\openjfx-20.0.1_windows-x64_bin-sdk\javafx-sdk-20.0.1\bin\ucrtbase.dll
0x00007ffd57060000 - 0x00007ffd5707b000 	E:\Code\HUST\IT3910E\Project1-Group11-Service-log-program\Code\external-libs\openjfx-20.0.1_windows-x64_bin-sdk\javafx-sdk-20.0.1\bin\vcruntime140.dll
0x00007ffd57050000 - 0x00007ffd5705c000 	E:\Code\HUST\IT3910E\Project1-Group11-Service-log-program\Code\external-libs\openjfx-20.0.1_windows-x64_bin-sdk\javafx-sdk-20.0.1\bin\vcruntime140_1.dll
0x00007ffd498d0000 - 0x00007ffd4995e000 	E:\Code\HUST\IT3910E\Project1-Group11-Service-log-program\Code\external-libs\openjfx-20.0.1_windows-x64_bin-sdk\javafx-sdk-20.0.1\bin\msvcp140.dll
0x00007ffd55090000 - 0x00007ffd55099000 	E:\Code\HUST\IT3910E\Project1-Group11-Service-log-program\Code\external-libs\openjfx-20.0.1_windows-x64_bin-sdk\javafx-sdk-20.0.1\bin\msvcp140_1.dll
0x00007ffd498a0000 - 0x00007ffd498d0000 	E:\Code\HUST\IT3910E\Project1-Group11-Service-log-program\Code\external-libs\openjfx-20.0.1_windows-x64_bin-sdk\javafx-sdk-20.0.1\bin\msvcp140_2.dll
0x00007ffd49640000 - 0x00007ffd4966f000 	E:\Code\HUST\IT3910E\Project1-Group11-Service-log-program\Code\external-libs\openjfx-20.0.1_windows-x64_bin-sdk\javafx-sdk-20.0.1\bin\prism_d3d.dll
0x00007ffd49c30000 - 0x00007ffd49dd9000 	C:\WINDOWS\system32\d3d9.dll
0x00007ffd29ea0000 - 0x00007ffd2a05b000 	C:\Windows\System32\DriverStore\FileRepository\iigd_dch.inf_amd64_a4e86d7e8f40267a\igdumdim64.dll
0x00007ffd24be0000 - 0x00007ffd29e93000 	C:\Windows\System32\DriverStore\FileRepository\iigd_dch.inf_amd64_a4e86d7e8f40267a\igd9dxva64.dll
0x00007ffd623f0000 - 0x00007ffd62864000 	C:\WINDOWS\System32\SETUPAPI.dll
0x00007ffd603e0000 - 0x00007ffd6042e000 	C:\WINDOWS\SYSTEM32\cfgmgr32.dll
0x00007ffd4ff50000 - 0x00007ffd50362000 	C:\Windows\System32\DriverStore\FileRepository\iigd_dch.inf_amd64_a4e86d7e8f40267a\igdgmm64.dll
0x00007ffd57c70000 - 0x00007ffd57cb8000 	C:\WINDOWS\SYSTEM32\directxdatabasehelper.dll
0x00007ffd495f0000 - 0x00007ffd49632000 	E:\Code\HUST\IT3910E\Project1-Group11-Service-log-program\Code\external-libs\openjfx-20.0.1_windows-x64_bin-sdk\javafx-sdk-20.0.1\bin\glass.dll
0x00007ffd62ac0000 - 0x00007ffd62bb7000 	C:\WINDOWS\System32\COMDLG32.dll
0x00007ffd1f900000 - 0x00007ffd1f927000 	C:\Windows\System32\DriverStore\FileRepository\iigd_dch.inf_amd64_a4e86d7e8f40267a\igdinfo64.dll

dbghelp: loaded successfully - version: 4.0.5 - missing functions: none
symbol engine: initialized successfully - sym options: 0x614 - pdb path: .;C:\Users\trung\.p2\pool\plugins\org.eclipse.justj.openjdk.hotspot.jre.full.win32.x86_64_17.0.4.v20220903-1038\jre\bin;C:\WINDOWS\SYSTEM32;C:\WINDOWS\WinSxS\amd64_microsoft.windows.common-controls_6595b64144ccf1df_6.0.22621.608_none_a9444ca7c10bb01d;C:\Users\trung\.p2\pool\plugins\org.eclipse.justj.openjdk.hotspot.jre.full.win32.x86_64_17.0.4.v20220903-1038\jre\bin\server;E:\Code\HUST\IT3910E\Project1-Group11-Service-log-program\Code\external-libs\openjfx-20.0.1_windows-x64_bin-sdk\javafx-sdk-20.0.1\bin;C:\Windows\System32\DriverStore\FileRepository\iigd_dch.inf_amd64_a4e86d7e8f40267a

VM Arguments:
jvm_args: -Dfile.encoding=UTF-8 -XX:+ShowCodeDetailsInExceptionMessages 
java_command: screen.AddMediaScreen
java_class_path (initial): E:\Code\HUST\IT3100E\Lab\AimsProject\Code\bin;E:\Code\HUST\IT3910E\Project1-Group11-Service-log-program\Code\external-libs\openjfx-20.0.1_windows-x64_bin-sdk\javafx-sdk-20.0.1\lib\javafx.base.jar;E:\Code\HUST\IT3910E\Project1-Group11-Service-log-program\Code\external-libs\openjfx-20.0.1_windows-x64_bin-sdk\javafx-sdk-20.0.1\lib\javafx.controls.jar;E:\Code\HUST\IT3910E\Project1-Group11-Service-log-program\Code\external-libs\openjfx-20.0.1_windows-x64_bin-sdk\javafx-sdk-20.0.1\lib\javafx.fxml.jar;E:\Code\HUST\IT3910E\Project1-Group11-Service-log-program\Code\external-libs\openjfx-20.0.1_windows-x64_bin-sdk\javafx-sdk-20.0.1\lib\javafx.graphics.jar;E:\Code\HUST\IT3910E\Project1-Group11-Service-log-program\Code\external-libs\openjfx-20.0.1_windows-x64_bin-sdk\javafx-sdk-20.0.1\lib\javafx.media.jar;E:\Code\HUST\IT3910E\Project1-Group11-Service-log-program\Code\external-libs\openjfx-20.0.1_windows-x64_bin-sdk\javafx-sdk-20.0.1\lib\javafx.swing.jar;E:\Code\HUST\IT3910E\Project1-Group11-Service-log-program\Code\external-libs\openjfx-20.0.1_windows-x64_bin-sdk\javafx-sdk-20.0.1\lib\javafx.web.jar;E:\Code\HUST\IT3910E\Project1-Group11-Service-log-program\Code\external-libs\openjfx-20.0.1_windows-x64_bin-sdk\javafx-sdk-20.0.1\lib\javafx-swt.jar
Launcher Type: SUN_STANDARD

[Global flags]
     intx CICompilerCount                          = 4                                         {product} {ergonomic}
     uint ConcGCThreads                            = 3                                         {product} {ergonomic}
     uint G1ConcRefinementThreads                  = 10                                        {product} {ergonomic}
   size_t G1HeapRegionSize                         = 1048576                                   {product} {ergonomic}
    uintx GCDrainStackTargetSize                   = 64                                        {product} {ergonomic}
   size_t InitialHeapSize                          = 130023424                                 {product} {ergonomic}
   size_t MarkStackSize                            = 4194304                                   {product} {ergonomic}
   size_t MaxHeapSize                              = 2080374784                                {product} {ergonomic}
   size_t MaxNewSize                               = 1247805440                                {product} {ergonomic}
   size_t MinHeapDeltaBytes                        = 1048576                                   {product} {ergonomic}
   size_t MinHeapSize                              = 8388608                                   {product} {ergonomic}
    uintx NonNMethodCodeHeapSize                   = 5839372                                {pd product} {ergonomic}
    uintx NonProfiledCodeHeapSize                  = 122909434                              {pd product} {ergonomic}
    uintx ProfiledCodeHeapSize                     = 122909434                              {pd product} {ergonomic}
    uintx ReservedCodeCacheSize                    = 251658240                              {pd product} {ergonomic}
     bool SegmentedCodeCache                       = true                                      {product} {ergonomic}
     bool ShowCodeDetailsInExceptionMessages       = true                                   {manageable} {command line}
   size_t SoftMaxHeapSize                          = 2080374784                             {manageable} {ergonomic}
     bool UseCompressedClassPointers               = true                           {product lp64_product} {ergonomic}
     bool UseCompressedOops                        = true                           {product lp64_product} {ergonomic}
     bool UseG1GC                                  = true                                      {product} {ergonomic}
     bool UseLargePagesIndividualAllocation        = false                                  {pd product} {ergonomic}

Logging:
Log output configuration:
 #0: stdout all=warning uptime,level,tags
 #1: stderr all=off uptime,level,tags

Environment Variables:
PATH=C:/Users/trung/.p2/pool/plugins/org.eclipse.justj.openjdk.hotspot.jre.full.win32.x86_64_17.0.4.v20220903-1038/jre/bin/server;C:/Users/trung/.p2/pool/plugins/org.eclipse.justj.openjdk.hotspot.jre.full.win32.x86_64_17.0.4.v20220903-1038/jre/bin;C:\Program Files (x86)\VMware\VMware Player\bin\;C:\Program Files\Common Files\Oracle\Java\javapath;C:\Program Files (x86)\Common Files\Oracle\Java\javapath;C:\Windows\system32;C:\Windows;C:\Windows\System32\Wbem;C:\Windows\System32\WindowsPowerShell\v1.0\;C:\Windows\System32\OpenSSH\;C:\Program Files (x86)\NVIDIA Corporation\PhysX\Common;C:\Program Files\NVIDIA Corporation\NVIDIA NvDLISR;C:\WINDOWS\system32;C:\WINDOWS;C:\WINDOWS\System32\Wbem;C:\WINDOWS\System32\WindowsPowerShell\v1.0\;C:\WINDOWS\System32\OpenSSH\;C:\Program Files\nodejs\;C:\Program Files\Git\cmd;C:\Program Files\dotnet\;C:\Program Files (x86)\Tailscale IPN;C:\Program Files\PuTTY\;C:\MinGW\bin;C:\Program Files\Cloudflare\Cloudflare WARP\;D:\epub\epub2\;C:\php;C:\Program Files\Docker\Docker\resources\bin;C:\Program Files\Amazon\AWSCLIV2\;C:\Program Files (x86)\Microsoft SQL Server\160\Tools\Binn\;C:\Program Files\Microsoft SQL Server\160\Tools\Binn\;C:\Program Files\Microsoft SQL Server\Client SDK\ODBC\170\Tools\Binn\;C:\Program Files\Microsoft SQL Server\160\DTS\Binn\;C:\Program Files (x86)\Microsoft SQL Server\160\DTS\Binn\;C:\Program Files\Azure Data Studio\bin;C:\Users\trung\AppData\Local\Packages\PythonSoftwareFoundation.Python.3.11_qbz5n2kfra8p0\LocalCache\local-packages\Python311\Scripts;C:\Users\trung\.poetry\bin;C:\Users\trung\AppData\Local\Microsoft\WindowsApps;C:\Users\trung\AppData\Local\Programs\Microsoft VS Code\bin;C:\Users\trung\AppData\Local\GitHubDesktop\bin;C:\Program Files (x86)\Nmap;C:\Users\trung\AppData\Roaming\npm;D:\Tools\MiKTex\miktex\bin\x64\;;C:\Program Files\Azure Data Studio\bin;C:\WINDOWS\system32;
USERNAME=trung
OS=Windows_NT
PROCESSOR_IDENTIFIER=Intel64 Family 6 Model 141 Stepping 1, GenuineIntel
TMP=C:\Users\trung\AppData\Local\Temp
TEMP=C:\Users\trung\AppData\Local\Temp



---------------  S Y S T E M  ---------------

OS:
 Windows 11 , 64 bit Build 22621 (10.0.22621.1485)
OS uptime: 0 days 7:22 hours
Hyper-V role detected

CPU: total 12 (initial active 12) (6 cores per cpu, 2 threads per core) family 6 model 141 stepping 1 microcode 0x34, cx8, cmov, fxsr, ht, mmx, 3dnowpref, sse, sse2, sse3, ssse3, sse4.1, sse4.2, popcnt, lzcnt, tsc, tscinvbit, avx, avx2, aes, erms, clmul, bmi1, bmi2, adx, avx512f, avx512dq, avx512cd, avx512bw, avx512vl, sha, fma, vzeroupper, avx512_vpopcntdq, avx512_vpclmulqdq, avx512_vaes, avx512_vnni, clflush, clflushopt, clwb, avx512_vbmi2, avx512_vbmi, hv

Memory: 4k page, system-wide physical 7930M (582M free)
TotalPageFile size 32506M (AvailPageFile size 1M)
current process WorkingSet (physical memory assigned to process): 72M, peak: 72M
current process commit charge ("private bytes"): 239M, peak: 240M

vm_info: OpenJDK 64-Bit Server VM (17.0.4.1+1) for windows-amd64 JRE (17.0.4.1+1), built on Aug 17 2022 07:42:43 by "temurin" with MS VC++ 16.7 (VS2019)

END.
