#
# There is insufficient memory for the Java Runtime Environment to continue.
# Native memory allocation (mmap) failed to map 130023424 bytes for G1 virtual space
# Possible reasons:
#   The system is out of physical RAM or swap space
#   The process is running with CompressedOops enabled, and the Java Heap may be blocking the growth of the native heap
# Possible solutions:
#   Reduce memory load on the system
#   Increase physical memory or swap space
#   Check if swap backing store is full
#   Decrease Java heap size (-Xmx/-Xms)
#   Decrease number of Java threads
#   Decrease Java thread stack sizes (-Xss)
#   Set larger code cache with -XX:ReservedCodeCacheSize=
#   JVM is running with Unscaled Compressed Oops mode in which the Java heap is
#     placed in the first 4GB address space. The Java Heap base address is the
#     maximum limit for the native heap growth. Please use -XX:HeapBaseMinAddress
#     to set the Java Heap base and to place the Java Heap above 4GB virtual address.
# This output file may be truncated or incomplete.
#
#  Out of Memory Error (os_windows.cpp:3541), pid=33692, tid=17320
#
# JRE version:  (17.0.4.1+1) (build )
# Java VM: OpenJDK 64-Bit Server VM (17.0.4.1+1, mixed mode, sharing, tiered, compressed oops, compressed class ptrs, g1 gc, windows-amd64)
# No core dump will be written. Minidumps are not enabled by default on client versions of Windows
#

---------------  S U M M A R Y ------------

Command Line: -Dfile.encoding=UTF-8 -XX:+ShowCodeDetailsInExceptionMessages screen.AddMediaScreen

Host: 11th Gen Intel(R) Core(TM) i5-11400H @ 2.70GHz, 12 cores, 7G,  Windows 11 , 64 bit Build 22621 (10.0.22621.1485)
Time: Sun Jun 25 22:24:02 2023 SE Asia Standard Time elapsed time: 0.010324 seconds (0d 0h 0m 0s)

---------------  T H R E A D  ---------------

Current thread (0x0000026264ad10a0):  JavaThread "Unknown thread" [_thread_in_vm, id=17320, stack(0x000000a1fef00000,0x000000a1ff000000)]

Stack: [0x000000a1fef00000,0x000000a1ff000000]
Native frames: (J=compiled Java code, j=interpreted, Vv=VM code, C=native code)
V  [jvm.dll+0x67731a]
V  [jvm.dll+0x832284]
V  [jvm.dll+0x833a2e]
V  [jvm.dll+0x834093]
V  [jvm.dll+0x245775]
V  [jvm.dll+0x674209]
V  [jvm.dll+0x668a92]
V  [jvm.dll+0x30471b]
V  [jvm.dll+0x30bc66]
V  [jvm.dll+0x35ba9e]
V  [jvm.dll+0x35bccf]
V  [jvm.dll+0x2db5b8]
V  [jvm.dll+0x2dc524]
V  [jvm.dll+0x803db1]
V  [jvm.dll+0x3698f1]
V  [jvm.dll+0x7e31bc]
V  [jvm.dll+0x3ec25f]
V  [jvm.dll+0x3edde1]
C  [jli.dll+0x5277]
C  [ucrtbase.dll+0x29363]
C  [KERNEL32.DLL+0x1269d]
C  [ntdll.dll+0x5a9f8]


---------------  P R O C E S S  ---------------

Threads class SMR info:
_java_thread_list=0x00007ffcd65c4e98, length=0, elements={
}

Java Threads: ( => current thread )

Other Threads:
  0x0000026264b2c060 GCTaskThread "GC Thread#0" [stack: 0x000000a1ff000000,0x000000a1ff100000] [id=34600]
  0x0000026264b3c6b0 ConcurrentGCThread "G1 Main Marker" [stack: 0x000000a1ff100000,0x000000a1ff200000] [id=34276]
  0x0000026264b3d8d0 ConcurrentGCThread "G1 Conc#0" [stack: 0x000000a1ff200000,0x000000a1ff300000] [id=29112]

[error occurred during error reporting (printing all threads), id 0xc0000005, EXCEPTION_ACCESS_VIOLATION (0xc0000005) at pc=0x00007ffcd5d9c047]

VM state: not at safepoint (not fully initialized)

VM Mutex/Monitor currently owned by a thread:  ([mutex/lock_event])
[0x0000026264accd80] Heap_lock - owner thread: 0x0000026264ad10a0

Heap address: 0x0000000084000000, size: 1984 MB, Compressed Oops mode: 32-bit

CDS archive(s) mapped at: [0x0000000000000000-0x0000000000000000-0x0000000000000000), size 0, SharedBaseAddress: 0x0000000800000000, ArchiveRelocationMode: 0.
Narrow klass base: 0x0000000000000000, Narrow klass shift: 0, Narrow klass range: 0x0

GC Precious Log:
<Empty>

Heap:
 garbage-first heap   total 0K, used 0K [0x0000000084000000, 0x0000000100000000)
  region size 1024K, 0 young (0K), 0 survivors (0K)

[error occurred during error reporting (printing heap information), id 0xc0000005, EXCEPTION_ACCESS_VIOLATION (0xc0000005) at pc=0x00007ffcd6180699]

GC Heap History (0 events):
No events

Deoptimization events (0 events):
No events

Classes unloaded (0 events):
No events

Classes redefined (0 events):
No events

Internal exceptions (0 events):
No events

VM Operations (0 events):
No events

Events (1 events):
Event: 0.007 Loaded shared library C:\Users\trung\.p2\pool\plugins\org.eclipse.justj.openjdk.hotspot.jre.full.win32.x86_64_17.0.4.v20220903-1038\jre\bin\java.dll


Dynamic libraries:
0x00007ff6ec780000 - 0x00007ff6ec78e000 	C:\Users\trung\.p2\pool\plugins\org.eclipse.justj.openjdk.hotspot.jre.full.win32.x86_64_17.0.4.v20220903-1038\jre\bin\javaw.exe
0x00007ffd632b0000 - 0x00007ffd634c4000 	C:\WINDOWS\SYSTEM32\ntdll.dll
0x00007ffd62920000 - 0x00007ffd629e2000 	C:\WINDOWS\System32\KERNEL32.DLL
0x00007ffd606f0000 - 0x00007ffd60a8c000 	C:\WINDOWS\System32\KERNELBASE.dll
0x00007ffd60a90000 - 0x00007ffd60ba1000 	C:\WINDOWS\System32\ucrtbase.dll
0x00007ffd54760000 - 0x00007ffd54779000 	C:\Users\trung\.p2\pool\plugins\org.eclipse.justj.openjdk.hotspot.jre.full.win32.x86_64_17.0.4.v20220903-1038\jre\bin\VCRUNTIME140.dll
0x00007ffd51140000 - 0x00007ffd51158000 	C:\Users\trung\.p2\pool\plugins\org.eclipse.justj.openjdk.hotspot.jre.full.win32.x86_64_17.0.4.v20220903-1038\jre\bin\jli.dll
0x00007ffd61930000 - 0x00007ffd61adb000 	C:\WINDOWS\System32\USER32.dll
0x00007ffd40440000 - 0x00007ffd406ce000 	C:\WINDOWS\WinSxS\amd64_microsoft.windows.common-controls_6595b64144ccf1df_6.0.22621.608_none_a9444ca7c10bb01d\COMCTL32.dll
0x00007ffd61090000 - 0x00007ffd610b6000 	C:\WINDOWS\System32\win32u.dll
0x00007ffd62870000 - 0x00007ffd62917000 	C:\WINDOWS\System32\msvcrt.dll
0x00007ffd629f0000 - 0x00007ffd62a19000 	C:\WINDOWS\System32\GDI32.dll
0x00007ffd60e40000 - 0x00007ffd60f53000 	C:\WINDOWS\System32\gdi32full.dll
0x00007ffd60c30000 - 0x00007ffd60cca000 	C:\WINDOWS\System32\msvcp_win.dll
0x00007ffd61330000 - 0x00007ffd61361000 	C:\WINDOWS\System32\IMM32.DLL
0x00007ffd51130000 - 0x00007ffd5113c000 	C:\Users\trung\.p2\pool\plugins\org.eclipse.justj.openjdk.hotspot.jre.full.win32.x86_64_17.0.4.v20220903-1038\jre\bin\vcruntime140_1.dll
0x00007ffcf7700000 - 0x00007ffcf7791000 	C:\Users\trung\.p2\pool\plugins\org.eclipse.justj.openjdk.hotspot.jre.full.win32.x86_64_17.0.4.v20220903-1038\jre\bin\msvcp140.dll
0x00007ffcd5ab0000 - 0x00007ffcd66f6000 	C:\Users\trung\.p2\pool\plugins\org.eclipse.justj.openjdk.hotspot.jre.full.win32.x86_64_17.0.4.v20220903-1038\jre\bin\server\jvm.dll
0x00007ffd61280000 - 0x00007ffd6132e000 	C:\WINDOWS\System32\ADVAPI32.dll
0x00007ffd631a0000 - 0x00007ffd63244000 	C:\WINDOWS\System32\sechost.dll
0x00007ffd62cd0000 - 0x00007ffd62de7000 	C:\WINDOWS\System32\RPCRT4.dll
0x00007ffd61370000 - 0x00007ffd61378000 	C:\WINDOWS\System32\PSAPI.DLL
0x00007ffd3efe0000 - 0x00007ffd3efe9000 	C:\WINDOWS\SYSTEM32\WSOCK32.dll
0x00007ffd57620000 - 0x00007ffd57654000 	C:\WINDOWS\SYSTEM32\WINMM.dll
0x00007ffd55060000 - 0x00007ffd5506a000 	C:\WINDOWS\SYSTEM32\VERSION.dll
0x00007ffd62df0000 - 0x00007ffd62e61000 	C:\WINDOWS\System32\WS2_32.dll
0x00007ffd5f7f0000 - 0x00007ffd5f808000 	C:\WINDOWS\SYSTEM32\kernel.appcore.dll
0x00007ffd44300000 - 0x00007ffd4430a000 	C:\Users\trung\.p2\pool\plugins\org.eclipse.justj.openjdk.hotspot.jre.full.win32.x86_64_17.0.4.v20220903-1038\jre\bin\jimage.dll
0x00007ffd5dc00000 - 0x00007ffd5de2e000 	C:\WINDOWS\SYSTEM32\DBGHELP.DLL
0x00007ffd61540000 - 0x00007ffd618c9000 	C:\WINDOWS\System32\combase.dll
0x00007ffd630c0000 - 0x00007ffd63197000 	C:\WINDOWS\System32\OLEAUT32.dll
0x00007ffd551c0000 - 0x00007ffd551f2000 	C:\WINDOWS\SYSTEM32\dbgcore.DLL
0x00007ffd60bb0000 - 0x00007ffd60c2b000 	C:\WINDOWS\System32\bcryptPrimitives.dll
0x00007ffd1e7e0000 - 0x00007ffd1e805000 	C:\Users\trung\.p2\pool\plugins\org.eclipse.justj.openjdk.hotspot.jre.full.win32.x86_64_17.0.4.v20220903-1038\jre\bin\java.dll

dbghelp: loaded successfully - version: 4.0.5 - missing functions: none
symbol engine: initialized successfully - sym options: 0x614 - pdb path: .;C:\Users\trung\.p2\pool\plugins\org.eclipse.justj.openjdk.hotspot.jre.full.win32.x86_64_17.0.4.v20220903-1038\jre\bin;C:\WINDOWS\SYSTEM32;C:\WINDOWS\WinSxS\amd64_microsoft.windows.common-controls_6595b64144ccf1df_6.0.22621.608_none_a9444ca7c10bb01d;C:\Users\trung\.p2\pool\plugins\org.eclipse.justj.openjdk.hotspot.jre.full.win32.x86_64_17.0.4.v20220903-1038\jre\bin\server

VM Arguments:
jvm_args: -Dfile.encoding=UTF-8 -XX:+ShowCodeDetailsInExceptionMessages 
java_command: screen.AddMediaScreen
java_class_path (initial): E:\Code\HUST\IT3100E\Lab\AimsProject\Code\bin;E:\Code\HUST\IT3910E\Project1-Group11-Service-log-program\Code\external-libs\openjfx-20.0.1_windows-x64_bin-sdk\javafx-sdk-20.0.1\lib\javafx.base.jar;E:\Code\HUST\IT3910E\Project1-Group11-Service-log-program\Code\external-libs\openjfx-20.0.1_windows-x64_bin-sdk\javafx-sdk-20.0.1\lib\javafx.controls.jar;E:\Code\HUST\IT3910E\Project1-Group11-Service-log-program\Code\external-libs\openjfx-20.0.1_windows-x64_bin-sdk\javafx-sdk-20.0.1\lib\javafx.fxml.jar;E:\Code\HUST\IT3910E\Project1-Group11-Service-log-program\Code\external-libs\openjfx-20.0.1_windows-x64_bin-sdk\javafx-sdk-20.0.1\lib\javafx.graphics.jar;E:\Code\HUST\IT3910E\Project1-Group11-Service-log-program\Code\external-libs\openjfx-20.0.1_windows-x64_bin-sdk\javafx-sdk-20.0.1\lib\javafx.media.jar;E:\Code\HUST\IT3910E\Project1-Group11-Service-log-program\Code\external-libs\openjfx-20.0.1_windows-x64_bin-sdk\javafx-sdk-20.0.1\lib\javafx.swing.jar;E:\Code\HUST\IT3910E\Project1-Group11-Service-log-program\Code\external-libs\openjfx-20.0.1_windows-x64_bin-sdk\javafx-sdk-20.0.1\lib\javafx.web.jar;E:\Code\HUST\IT3910E\Project1-Group11-Service-log-program\Code\external-libs\openjfx-20.0.1_windows-x64_bin-sdk\javafx-sdk-20.0.1\lib\javafx-swt.jar
Launcher Type: SUN_STANDARD

[Global flags]
     intx CICompilerCount                          = 4                                         {product} {ergonomic}
     uint ConcGCThreads                            = 3                                         {product} {ergonomic}
     uint G1ConcRefinementThreads                  = 10                                        {product} {ergonomic}
   size_t G1HeapRegionSize                         = 1048576                                   {product} {ergonomic}
    uintx GCDrainStackTargetSize                   = 64                                        {product} {ergonomic}
   size_t InitialHeapSize                          = 130023424                                 {product} {ergonomic}
   size_t MarkStackSize                            = 4194304                                   {product} {ergonomic}
   size_t MaxHeapSize                              = 2080374784                                {product} {ergonomic}
   size_t MinHeapDeltaBytes                        = 1048576                                   {product} {ergonomic}
   size_t MinHeapSize                              = 8388608                                   {product} {ergonomic}
    uintx NonNMethodCodeHeapSize                   = 5839372                                {pd product} {ergonomic}
    uintx NonProfiledCodeHeapSize                  = 122909434                              {pd product} {ergonomic}
    uintx ProfiledCodeHeapSize                     = 122909434                              {pd product} {ergonomic}
    uintx ReservedCodeCacheSize                    = 251658240                              {pd product} {ergonomic}
     bool SegmentedCodeCache                       = true                                      {product} {ergonomic}
     bool ShowCodeDetailsInExceptionMessages       = true                                   {manageable} {command line}
   size_t SoftMaxHeapSize                          = 2080374784                             {manageable} {ergonomic}
     bool UseCompressedClassPointers               = true                           {product lp64_product} {ergonomic}
     bool UseCompressedOops                        = true                           {product lp64_product} {ergonomic}
     bool UseG1GC                                  = true                                      {product} {ergonomic}
     bool UseLargePagesIndividualAllocation        = false                                  {pd product} {ergonomic}

Logging:
Log output configuration:
 #0: stdout all=warning uptime,level,tags
 #1: stderr all=off uptime,level,tags

Environment Variables:
PATH=C:/Users/trung/.p2/pool/plugins/org.eclipse.justj.openjdk.hotspot.jre.full.win32.x86_64_17.0.4.v20220903-1038/jre/bin/server;C:/Users/trung/.p2/pool/plugins/org.eclipse.justj.openjdk.hotspot.jre.full.win32.x86_64_17.0.4.v20220903-1038/jre/bin;C:\Program Files (x86)\VMware\VMware Player\bin\;C:\Program Files\Common Files\Oracle\Java\javapath;C:\Program Files (x86)\Common Files\Oracle\Java\javapath;C:\Windows\system32;C:\Windows;C:\Windows\System32\Wbem;C:\Windows\System32\WindowsPowerShell\v1.0\;C:\Windows\System32\OpenSSH\;C:\Program Files (x86)\NVIDIA Corporation\PhysX\Common;C:\Program Files\NVIDIA Corporation\NVIDIA NvDLISR;C:\WINDOWS\system32;C:\WINDOWS;C:\WINDOWS\System32\Wbem;C:\WINDOWS\System32\WindowsPowerShell\v1.0\;C:\WINDOWS\System32\OpenSSH\;C:\Program Files\nodejs\;C:\Program Files\Git\cmd;C:\Program Files\dotnet\;C:\Program Files (x86)\Tailscale IPN;C:\Program Files\PuTTY\;C:\MinGW\bin;C:\Program Files\Cloudflare\Cloudflare WARP\;D:\epub\epub2\;C:\php;C:\Program Files\Docker\Docker\resources\bin;C:\Program Files\Amazon\AWSCLIV2\;C:\Program Files (x86)\Microsoft SQL Server\160\Tools\Binn\;C:\Program Files\Microsoft SQL Server\160\Tools\Binn\;C:\Program Files\Microsoft SQL Server\Client SDK\ODBC\170\Tools\Binn\;C:\Program Files\Microsoft SQL Server\160\DTS\Binn\;C:\Program Files (x86)\Microsoft SQL Server\160\DTS\Binn\;C:\Program Files\Azure Data Studio\bin;C:\Users\trung\AppData\Local\Packages\PythonSoftwareFoundation.Python.3.11_qbz5n2kfra8p0\LocalCache\local-packages\Python311\Scripts;C:\Users\trung\.poetry\bin;C:\Users\trung\AppData\Local\Microsoft\WindowsApps;C:\Users\trung\AppData\Local\Programs\Microsoft VS Code\bin;C:\Users\trung\AppData\Local\GitHubDesktop\bin;C:\Program Files (x86)\Nmap;C:\Users\trung\AppData\Roaming\npm;D:\Tools\MiKTex\miktex\bin\x64\;;C:\Program Files\Azure Data Studio\bin;C:\WINDOWS\system32;
USERNAME=trung
OS=Windows_NT
PROCESSOR_IDENTIFIER=Intel64 Family 6 Model 141 Stepping 1, GenuineIntel
TMP=C:\Users\trung\AppData\Local\Temp
TEMP=C:\Users\trung\AppData\Local\Temp



---------------  S Y S T E M  ---------------

OS:
 Windows 11 , 64 bit Build 22621 (10.0.22621.1485)
OS uptime: 0 days 7:22 hours
Hyper-V role detected

CPU: total 12 (initial active 12) (6 cores per cpu, 2 threads per core) family 6 model 141 stepping 1 microcode 0x34, cx8, cmov, fxsr, ht, mmx, 3dnowpref, sse, sse2, sse3, ssse3, sse4.1, sse4.2, popcnt, lzcnt, tsc, tscinvbit, avx, avx2, aes, erms, clmul, bmi1, bmi2, adx, avx512f, avx512dq, avx512cd, avx512bw, avx512vl, sha, fma, vzeroupper, avx512_vpopcntdq, avx512_vpclmulqdq, avx512_vaes, avx512_vnni, clflush, clflushopt, clwb, avx512_vbmi2, avx512_vbmi, hv

Memory: 4k page, system-wide physical 7930M (524M free)
TotalPageFile size 32506M (AvailPageFile size 73M)
current process WorkingSet (physical memory assigned to process): 11M, peak: 11M
current process commit charge ("private bytes"): 64M, peak: 188M

vm_info: OpenJDK 64-Bit Server VM (17.0.4.1+1) for windows-amd64 JRE (17.0.4.1+1), built on Aug 17 2022 07:42:43 by "temurin" with MS VC++ 16.7 (VS2019)

END.
